Removed Parameter ComponentLink1Description:Manufacturer URL from Part D3
Removed Parameter ComponentLink1Description:Manufacturer URL from Part D4
Removed Parameter ComponentLink1Description:Manufacturer URL from Part D6
Removed Parameter ComponentLink1Description:Manufacturer URL from Part D7
Removed Parameter ComponentLink1Description:Manufacturer URL from Part D8
Removed Parameter ComponentLink1URL:http://www.onsemi.com/ from Part D3
Removed Parameter ComponentLink1URL:http://www.onsemi.com/ from Part D4
Removed Parameter ComponentLink1URL:http://www.onsemi.com/ from Part D6
Removed Parameter ComponentLink1URL:http://www.onsemi.com/ from Part D7
Removed Parameter ComponentLink1URL:http://www.onsemi.com/ from Part D8
Removed Parameter ComponentLink2Description:Datasheet from Part D3
Removed Parameter ComponentLink2Description:Datasheet from Part D4
Removed Parameter ComponentLink2Description:Datasheet from Part D6
Removed Parameter ComponentLink2Description:Datasheet from Part D7
Removed Parameter ComponentLink2Description:Datasheet from Part D8
Removed Parameter ComponentLink2URL:http://www.onsemi.cn/pub_link/Collateral/ESD9L-D.PDF from Part D3
Removed Parameter ComponentLink2URL:http://www.onsemi.cn/pub_link/Collateral/ESD9L-D.PDF from Part D4
Removed Parameter ComponentLink2URL:http://www.onsemi.cn/pub_link/Collateral/ESD9X3.3ST5G-D.PDF from Part D6
Removed Parameter ComponentLink2URL:http://www.onsemi.cn/pub_link/Collateral/ESD9X3.3ST5G-D.PDF from Part D7
Removed Parameter ComponentLink2URL:http://www.onsemi.cn/pub_link/Collateral/ESD9X3.3ST5G-D.PDF from Part D8
Removed Parameter ComponentLink3Description:Package Specification from Part D3
Removed Parameter ComponentLink3Description:Package Specification from Part D4
Removed Parameter ComponentLink3Description:Package Specification from Part D6
Removed Parameter ComponentLink3Description:Package Specification from Part D7
Removed Parameter ComponentLink3Description:Package Specification from Part D8
Removed Parameter ComponentLink3URL:http://www.onsemi.com/pub_link/Collateral/514AA.PDF from Part D6
Removed Parameter ComponentLink3URL:http://www.onsemi.com/pub_link/Collateral/514AA.PDF from Part D7
Removed Parameter ComponentLink3URL:http://www.onsemi.com/pub_link/Collateral/514AA.PDF from Part D8
Removed Parameter ComponentLink3URL:http://www.onsemi.com/pub_link/Collateral/514AB.PDF from Part D3
Removed Parameter ComponentLink3URL:http://www.onsemi.com/pub_link/Collateral/514AB.PDF from Part D4
Removed Parameter DatasheetVersion:Rev. 5 from Part D3
Removed Parameter DatasheetVersion:Rev. 5 from Part D4
Removed Parameter DatasheetVersion:Rev. 7 from Part D6
Removed Parameter DatasheetVersion:Rev. 7 from Part D7
Removed Parameter DatasheetVersion:Rev. 7 from Part D8
Removed Parameter Direction:Unidirectional from Part D3
Removed Parameter Direction:Unidirectional from Part D4
Removed Parameter Direction:Unidirectional from Part D6
Removed Parameter Direction:Unidirectional from Part D7
Removed Parameter Direction:Unidirectional from Part D8
Removed Parameter Mounting Technology:Surface Mount from Part D3
Removed Parameter Mounting Technology:Surface Mount from Part D4
Removed Parameter Mounting Technology:Surface Mount from Part D6
Removed Parameter Mounting Technology:Surface Mount from Part D7
Removed Parameter Mounting Technology:Surface Mount from Part D8
Removed Parameter Number of Lines:1 from Part D3
Removed Parameter Number of Lines:1 from Part D4
Removed Parameter Number of Lines:1 from Part D6
Removed Parameter Number of Lines:1 from Part D7
Removed Parameter Number of Lines:1 from Part D8
Removed Parameter PackageDescription:2-Pin SOD, Body 0.8 x 0.6 mm from Part D3
Removed Parameter PackageDescription:2-Pin SOD, Body 0.8 x 0.6 mm from Part D4
Removed Parameter PackageDescription:2-Pin SOD, Body 0.8 x 0.6 mm from Part D6
Removed Parameter PackageDescription:2-Pin SOD, Body 0.8 x 0.6 mm from Part D7
Removed Parameter PackageDescription:2-Pin SOD, Body 0.8 x 0.6 mm from Part D8
Removed Parameter PackageReference:SOD-923-2-514AA-01 from Part D6
Removed Parameter PackageReference:SOD-923-2-514AA-01 from Part D7
Removed Parameter PackageReference:SOD-923-2-514AA-01 from Part D8
Removed Parameter PackageReference:SOD-923-2-514AB-01 from Part D3
Removed Parameter PackageReference:SOD-923-2-514AB-01 from Part D4
Removed Parameter PackageVersion:Rev. C, 03/2011 from Part D3
Removed Parameter PackageVersion:Rev. C, 03/2011 from Part D4
Removed Parameter PackageVersion:Rev. E, 03/2011 from Part D6
Removed Parameter PackageVersion:Rev. E, 03/2011 from Part D7
Removed Parameter PackageVersion:Rev. E, 03/2011 from Part D8
Removed Parameter Packing:Tape and Reel from Part D3
Removed Parameter Packing:Tape and Reel from Part D4
Removed Parameter Packing:Tape and Reel from Part D6
Removed Parameter Packing:Tape and Reel from Part D7
Removed Parameter Packing:Tape and Reel from Part D8
Removed Parameter PartNumber:ESD9L5.0ST5G from Part D3
Removed Parameter PartNumber:ESD9L5.0ST5G from Part D4
Removed Parameter PartNumber:ESD9X3.3ST5G from Part D6
Removed Parameter PartNumber:ESD9X3.3ST5G from Part D7
Removed Parameter PartNumber:ESD9X3.3ST5G from Part D8
Added Parameter Part Number=ESD9L5.0ST5G to Part D3
Added Parameter Part Number=ESD9L5.0ST5G to Part D4
Added Parameter Part Number=ESD9X3.3ST5G to Part D6
Added Parameter Part Number=ESD9X3.3ST5G to Part D7
Added Parameter Part Number=ESD9X3.3ST5G to Part D8
