Change Component Footprint: Designator=C13 Old Footprint=CAPC1005X55X25ML05T10 New Footprint=CAPC1005X55X25ML05T10
Change Component Footprint: Designator=C14 Old Footprint=CAPC1005X55X25ML05T10 New Footprint=CAPC1005X55X25ML05T10
Change Component Footprint: Designator=C17 Old Footprint=CAPC1005X55X25ML05T10 New Footprint=CAPC1005X55X25ML05T10
Change Component Footprint: Designator=C18 Old Footprint=CAPC1005X55X25ML05T10 New Footprint=CAPC1005X55X25ML05T10
Change Component Footprint: Designator=Q1 Old Footprint=FP-318-08-IPC_B New Footprint=FP-318-08-IPC_B
Change Component Footprint: Designator=Q2 Old Footprint=FP-318-08-IPC_B New Footprint=FP-318-08-IPC_B
Change Component Footprint: Designator=Q3 Old Footprint=FP-318-08-IPC_B New Footprint=FP-318-08-IPC_B
Change Component Footprint: Designator=Q4 Old Footprint=FP-318-08-IPC_B New Footprint=FP-318-08-IPC_B
Change Component Footprint: Designator=Q5 Old Footprint=FP-318-08-IPC_B New Footprint=FP-318-08-IPC_B
Change Component Footprint: Designator=Q6 Old Footprint=FP-318-08-IPC_B New Footprint=FP-318-08-IPC_B
Change Component Footprint: Designator=Q7 Old Footprint=FP-318-08-IPC_B New Footprint=FP-318-08-IPC_B
Change Component Footprint: Designator=C6 Old Footprint=FP-C0402-BB-MFG New Footprint=FP-C0402-BB-MFG
Change Component Footprint: Designator=C7 Old Footprint=FP-C0402-BB-MFG New Footprint=FP-C0402-BB-MFG
Change Component Footprint: Designator=C8 Old Footprint=FP-C0402-BB-MFG New Footprint=FP-C0402-BB-MFG
Change Component Footprint: Designator=C11 Old Footprint=FP-C0402-BB-MFG New Footprint=FP-C0402-BB-MFG
Change Component Footprint: Designator=C12 Old Footprint=FP-C0402-BB-MFG New Footprint=FP-C0402-BB-MFG
Change Component Footprint: Designator=C19 Old Footprint=FP-C0402-BB-MFG New Footprint=FP-C0402-BB-MFG
Change Component Footprint: Designator=C4 Old Footprint=FP-CC0402-MFG New Footprint=FP-CC0402-MFG
Change Component Footprint: Designator=C5 Old Footprint=FP-CC0402-MFG New Footprint=FP-CC0402-MFG
Change Component Footprint: Designator=C21 Old Footprint=FP-CC0402-MFG New Footprint=FP-CC0402-MFG
Change Component Footprint: Designator=C22 Old Footprint=FP-CC0402-MFG New Footprint=FP-CC0402-MFG
Change Component Footprint: Designator=C23 Old Footprint=FP-CC0402-MFG New Footprint=FP-CC0402-MFG
Change Component Footprint: Designator=C25 Old Footprint=FP-CC0402-MFG New Footprint=FP-CC0402-MFG
Change Component Footprint: Designator=R2 Old Footprint=FP-CRCW0402-e3-IPC_B New Footprint=FP-CRCW0402-e3-IPC_B
Change Component Footprint: Designator=R3 Old Footprint=FP-CRCW0402-e3-IPC_B New Footprint=FP-CRCW0402-e3-IPC_B
Change Component Footprint: Designator=R5 Old Footprint=FP-CRCW0402-e3-IPC_B New Footprint=FP-CRCW0402-e3-IPC_B
Change Component Footprint: Designator=R6 Old Footprint=FP-CRCW0402-e3-IPC_B New Footprint=FP-CRCW0402-e3-IPC_B
Change Component Footprint: Designator=R8 Old Footprint=FP-CRCW0402-e3-IPC_B New Footprint=FP-CRCW0402-e3-IPC_B
Change Component Footprint: Designator=R9 Old Footprint=FP-CRCW0402-e3-IPC_B New Footprint=FP-CRCW0402-e3-IPC_B
Change Component Footprint: Designator=R12 Old Footprint=FP-CRCW0402-e3-IPC_B New Footprint=FP-CRCW0402-e3-IPC_B
Change Component Footprint: Designator=R13 Old Footprint=FP-CRCW0402-e3-IPC_B New Footprint=FP-CRCW0402-e3-IPC_B
Change Component Footprint: Designator=R19 Old Footprint=FP-CRCW0402-e3-IPC_B New Footprint=FP-CRCW0402-e3-IPC_B
Change Component Footprint: Designator=R10 Old Footprint=FP-CRCW0402-e3-IPC_C New Footprint=FP-CRCW0402-e3-IPC_C
Change Component Footprint: Designator=R11 Old Footprint=FP-CRCW0402-e3-IPC_C New Footprint=FP-CRCW0402-e3-IPC_C
Change Component Footprint: Designator=R14 Old Footprint=FP-CRCW0402-e3-IPC_C New Footprint=FP-CRCW0402-e3-IPC_C
Change Component Footprint: Designator=R15 Old Footprint=FP-CRCW0402-e3-IPC_C New Footprint=FP-CRCW0402-e3-IPC_C
Change Component Footprint: Designator=R16 Old Footprint=FP-CRCW0402-e3-IPC_C New Footprint=FP-CRCW0402-e3-IPC_C
Change Component Footprint: Designator=R17 Old Footprint=FP-CRCW0402-e3-IPC_C New Footprint=FP-CRCW0402-e3-IPC_C
Change Component Footprint: Designator=R18 Old Footprint=FP-CRCW0402-e3-IPC_C New Footprint=FP-CRCW0402-e3-IPC_C
Change Component Footprint: Designator=R20 Old Footprint=FP-CRCW0402-e3-IPC_C New Footprint=FP-CRCW0402-e3-IPC_C
Change Component Footprint: Designator=R21 Old Footprint=FP-CRCW0402-e3-IPC_C New Footprint=FP-CRCW0402-e3-IPC_C
Change Component Footprint: Designator=R1 Old Footprint=FP-CRCW0402-e3-MFG New Footprint=FP-CRCW0402-e3-MFG
Change Component Footprint: Designator=R4 Old Footprint=FP-CRCW0402-e3-MFG New Footprint=FP-CRCW0402-e3-MFG
Change Component Footprint: Designator=R7 Old Footprint=FP-CRCW0402-e3-MFG New Footprint=FP-CRCW0402-e3-MFG
Change Component Footprint: Designator=C9 Old Footprint=FP-GRM32E-0_3-0_2-IPC_A New Footprint=FP-GRM32E-0_3-0_2-IPC_A
Change Component Footprint: Designator=P1 Old Footprint=HRS-U.FL-R-SMT(10)_V New Footprint=HRS-U.FL-R-SMT(10)_V
Change Component Footprint: Designator=P2 Old Footprint=HRS-U.FL-R-SMT(10)_V New Footprint=HRS-U.FL-R-SMT(10)_V
Change Component Footprint: Designator=D1 Old Footprint=ONSC-SOD-923-2-514AA-01_V New Footprint=ONSC-SOD-923-2-514AA-01_V
Add Component: Footprint Not Found CAPPM3216X180N
Add Component: Footprint Not Found CAPPM3216X180N
Add Component: Footprint Not Found PESD5V0S1BL315
Add Component: Footprint Not Found BG96MA
Add Component: Footprint Not Found 15Pin-Castellated
Add Component: Footprint Not Found 15Pin-Castellated
Add Component: Footprint Not Found TC2050-IDC_Lumen
Add Component: Footprint Not Found 5988A90107F
Add Component: Footprint Not Found 5988A90107F
Add Component: Footprint Not Found SON127P600X500X100-9N-D
Add Component: Footprint Not Found SODFL1608X80N
Add Component: Footprint Not Found SODFL1608X80N
Add Component: Footprint Not Found SODFL1608X80N
Add Pin To Net: Unknown Pin: Pin C16-1
Add Pin To Net: Unknown Pin: Pin C16-2
Add Pin To Net: Unknown Pin: Pin D2-1
Add Pin To Net: Unknown Pin: Pin D2-2
Add Pin To Net: Unknown Pin: Pin IC1-3
Add Pin To Net: Unknown Pin: Pin IC1-8
Add Pin To Net: Unknown Pin: Pin IC1-9
Add Pin To Net: Unknown Pin: Pin IC1-10
Add Pin To Net: Unknown Pin: Pin IC1-15
Add Pin To Net: Unknown Pin: Pin IC1-17
Add Pin To Net: Unknown Pin: Pin IC1-20
Add Pin To Net: Unknown Pin: Pin IC1-21
Add Pin To Net: Unknown Pin: Pin IC1-22
Add Pin To Net: Unknown Pin: Pin IC1-23
Add Pin To Net: Unknown Pin: Pin IC1-27
Add Pin To Net: Unknown Pin: Pin IC1-28
Add Pin To Net: Unknown Pin: Pin IC1-31
Add Pin To Net: Unknown Pin: Pin IC1-32
Add Pin To Net: Unknown Pin: Pin IC1-33
Add Pin To Net: Unknown Pin: Pin IC1-34
Add Pin To Net: Unknown Pin: Pin IC1-35
Add Pin To Net: Unknown Pin: Pin IC1-43
Add Pin To Net: Unknown Pin: Pin IC1-44
Add Pin To Net: Unknown Pin: Pin IC1-45
Add Pin To Net: Unknown Pin: Pin IC1-46
Add Pin To Net: Unknown Pin: Pin IC1-47
Add Pin To Net: Unknown Pin: Pin IC1-48
Add Pin To Net: Unknown Pin: Pin IC1-49
Add Pin To Net: Unknown Pin: Pin IC1-50
Add Pin To Net: Unknown Pin: Pin IC1-52
Add Pin To Net: Unknown Pin: Pin IC1-53
Add Pin To Net: Unknown Pin: Pin IC1-54
Add Pin To Net: Unknown Pin: Pin IC1-55
Add Pin To Net: Unknown Pin: Pin IC1-58
Add Pin To Net: Unknown Pin: Pin IC1-59
Add Pin To Net: Unknown Pin: Pin IC1-60
Add Pin To Net: Unknown Pin: Pin IC1-61
Add Pin To Net: Unknown Pin: Pin IC1-62
Add Pin To Net: Unknown Pin: Pin IC1-67
Add Pin To Net: Unknown Pin: Pin IC1-68
Add Pin To Net: Unknown Pin: Pin IC1-69
Add Pin To Net: Unknown Pin: Pin IC1-70
Add Pin To Net: Unknown Pin: Pin IC1-71
Add Pin To Net: Unknown Pin: Pin IC1-72
Add Pin To Net: Unknown Pin: Pin IC1-73
Add Pin To Net: Unknown Pin: Pin IC1-74
Add Pin To Net: Unknown Pin: Pin IC1-75
Add Pin To Net: Unknown Pin: Pin IC1-79
Add Pin To Net: Unknown Pin: Pin IC1-80
Add Pin To Net: Unknown Pin: Pin IC1-81
Add Pin To Net: Unknown Pin: Pin IC1-82
Add Pin To Net: Unknown Pin: Pin IC1-89
Add Pin To Net: Unknown Pin: Pin IC1-90
Add Pin To Net: Unknown Pin: Pin IC1-91
Add Pin To Net: Unknown Pin: Pin IC1-100
Add Pin To Net: Unknown Pin: Pin IC1-101
Add Pin To Net: Unknown Pin: Pin IC1-102
Add Pin To Net: Unknown Pin: Pin J2-1
Add Pin To Net: Unknown Pin: Pin J2-2
Add Pin To Net: Unknown Pin: Pin J2-3
Add Pin To Net: Unknown Pin: Pin J2-4
Add Pin To Net: Unknown Pin: Pin J2-5
Add Pin To Net: Unknown Pin: Pin J2-15
Add Pin To Net: Unknown Pin: Pin J3-1
Add Pin To Net: Unknown Pin: Pin J3-2
Add Pin To Net: Unknown Pin: Pin J3-3
Add Pin To Net: Unknown Pin: Pin J3-4
Add Pin To Net: Unknown Pin: Pin J3-5
Add Pin To Net: Unknown Pin: Pin J3-7
Add Pin To Net: Unknown Pin: Pin J3-8
Add Pin To Net: Unknown Pin: Pin J3-9
Add Pin To Net: Unknown Pin: Pin J3-10
Add Pin To Net: Unknown Pin: Pin LED1-1
Add Pin To Net: Unknown Pin: Pin LED1-2
Add Pin To Net: Unknown Pin: Pin LED2-1
Add Pin To Net: Unknown Pin: Pin LED2-2
Add Pin To Net: Unknown Pin: Pin U1-1
Add Pin To Net: Unknown Pin: Pin U1-3
Add Pin To Net: Unknown Pin: Pin U1-6
Add Pin To Net: Unknown Pin: Pin U1-7
Add Pin To Net: Unknown Pin: Pin U1-8
Add Pin To Net: Unknown Pin: Pin U1-9
Add Pin To Net: Unknown Pin: Pin Z1-1
Add Pin To Net: Unknown Pin: Pin Z1-2
Add Pin To Net: Unknown Pin: Pin Z2-1
Add Pin To Net: Unknown Pin: Pin Z2-2
Add Pin To Net: Unknown Pin: Pin Z3-1
Add Pin To Net: Unknown Pin: Pin Z3-2
