Change Physical Footprint: Designator=C1 Old Footprint=FP-C0402-BB-MFG New Footprint=FP-C0402-BB-MFG
Change Physical Footprint: Designator=C2 Old Footprint=FP-C0402-BB-MFG New Footprint=FP-C0402-BB-MFG
Change Physical Footprint: Designator=C3 Old Footprint=FP-C0402-BB-MFG New Footprint=FP-C0402-BB-MFG
Change Physical Footprint: Designator=C4 Old Footprint=FP-CC0402-MFG New Footprint=FP-CC0402-MFG
Change Physical Footprint: Designator=C5 Old Footprint=FP-CC0402-MFG New Footprint=FP-CC0402-MFG
Change Physical Footprint: Designator=C6 Old Footprint=FP-C0402-BB-MFG New Footprint=FP-C0402-BB-MFG
Change Physical Footprint: Designator=C7 Old Footprint=FP-C0402-BB-MFG New Footprint=FP-C0402-BB-MFG
Change Physical Footprint: Designator=C8 Old Footprint=FP-C0402-BB-MFG New Footprint=FP-C0402-BB-MFG
Change Physical Footprint: Designator=C12 Old Footprint=CAPPM3216X180N New Footprint=CAPPM3216X180N
Change Physical Footprint: Designator=C14 Old Footprint=CAPC1005X55X25ML05T10 New Footprint=CAPC1005X55X25ML05T10
Change Physical Footprint: Designator=C16 Old Footprint=CAPPM3216X180N New Footprint=CAPPM3216X180N
Change Physical Footprint: Designator=C17 Old Footprint=FP-C0402-BB-MFG New Footprint=FP-C0402-BB-MFG
Change Physical Footprint: Designator=C18 Old Footprint=FP-CC0402-MFG New Footprint=FP-CC0402-MFG
Change Physical Footprint: Designator=C19 Old Footprint=FP-CC0402-MFG New Footprint=FP-CC0402-MFG
Change Physical Footprint: Designator=C20 Old Footprint=FP-CC0402-MFG New Footprint=FP-CC0402-MFG
Change Physical Footprint: Designator=C21 Old Footprint=FP-C0402-BB-MFG New Footprint=FP-C0402-BB-MFG
Change Physical Footprint: Designator=C22 Old Footprint=FP-CC0402-MFG New Footprint=FP-CC0402-MFG
Change Physical Footprint: Designator=IC1 Old Footprint=BG96MA New Footprint=BG96MA
Change Physical Footprint: Designator=Q1 Old Footprint=FP-318-08-IPC_B New Footprint=FP-318-08-IPC_B
Change Physical Footprint: Designator=Q2 Old Footprint=FP-318-08-IPC_B New Footprint=FP-318-08-IPC_B
Change Physical Footprint: Designator=Q3 Old Footprint=FP-318-08-IPC_B New Footprint=FP-318-08-IPC_B
Change Physical Footprint: Designator=Q4 Old Footprint=FP-318-08-IPC_B New Footprint=FP-318-08-IPC_B
Change Physical Footprint: Designator=Q5 Old Footprint=FP-318-08-IPC_B New Footprint=FP-318-08-IPC_B
Change Physical Footprint: Designator=Q6 Old Footprint=FP-318-08-IPC_B New Footprint=FP-318-08-IPC_B
Change Physical Footprint: Designator=Q7 Old Footprint=FP-318-08-IPC_B New Footprint=FP-318-08-IPC_B
Change Physical Footprint: Designator=R1 Old Footprint=FP-CRCW0402-e3-MFG New Footprint=FP-CRCW0402-e3-MFG
Change Physical Footprint: Designator=R2 Old Footprint=FP-CRCW0402-e3-IPC_B New Footprint=FP-CRCW0402-e3-IPC_B
Change Physical Footprint: Designator=R3 Old Footprint=FP-CRCW0402-e3-IPC_B New Footprint=FP-CRCW0402-e3-IPC_B
Change Physical Footprint: Designator=R4 Old Footprint=FP-CRCW0402-e3-MFG New Footprint=FP-CRCW0402-e3-MFG
Change Physical Footprint: Designator=R5 Old Footprint=FP-CRCW0402-e3-IPC_B New Footprint=FP-CRCW0402-e3-IPC_B
Change Physical Footprint: Designator=R6 Old Footprint=FP-CRCW0402-e3-IPC_B New Footprint=FP-CRCW0402-e3-IPC_B
Change Physical Footprint: Designator=R7 Old Footprint=FP-CRCW0402-e3-MFG New Footprint=FP-CRCW0402-e3-MFG
Change Physical Footprint: Designator=R8 Old Footprint=FP-CRCW0402-e3-IPC_B New Footprint=FP-CRCW0402-e3-IPC_B
Change Physical Footprint: Designator=R9 Old Footprint=FP-CRCW0402-e3-IPC_B New Footprint=FP-CRCW0402-e3-IPC_B
Change Physical Footprint: Designator=R10 Old Footprint=FP-CRCW0402-e3-IPC_C New Footprint=FP-CRCW0402-e3-IPC_C
Change Physical Footprint: Designator=R11 Old Footprint=FP-CRCW0402-e3-IPC_C New Footprint=FP-CRCW0402-e3-IPC_C
Change Physical Footprint: Designator=R12 Old Footprint=FP-CRCW0402-e3-IPC_B New Footprint=FP-CRCW0402-e3-IPC_B
Change Physical Footprint: Designator=R13 Old Footprint=FP-CRCW0402-e3-IPC_B New Footprint=FP-CRCW0402-e3-IPC_B
Change Physical Footprint: Designator=R14 Old Footprint=FP-CRCW0402-e3-IPC_C New Footprint=FP-CRCW0402-e3-IPC_C
Change Physical Footprint: Designator=R15 Old Footprint=FP-CRCW0402-e3-IPC_C New Footprint=FP-CRCW0402-e3-IPC_C
Change Physical Footprint: Designator=R16 Old Footprint=FP-CRCW0402-e3-IPC_C New Footprint=FP-CRCW0402-e3-IPC_C
Change Physical Footprint: Designator=R17 Old Footprint=FP-CRCW0402-e3-IPC_C New Footprint=FP-CRCW0402-e3-IPC_C
Change Physical Footprint: Designator=R18 Old Footprint=FP-CRCW0402-e3-IPC_C New Footprint=FP-CRCW0402-e3-IPC_C
Change Physical Footprint: Designator=R19 Old Footprint=FP-CRCW0402-e3-IPC_B New Footprint=FP-CRCW0402-e3-IPC_B
Change Physical Footprint: Designator=R20 Old Footprint=FP-CRCW0402-e3-IPC_C New Footprint=FP-CRCW0402-e3-IPC_C
Change Physical Footprint: Designator=R21 Old Footprint=FP-CRCW0402-e3-IPC_C New Footprint=FP-CRCW0402-e3-IPC_C
