Removed Pin From Net: NetName=GND Pin=C17-2
Removed Pin From Net: NetName=GND Pin=C18-2
Removed Pin From Net: NetName=GND Pin=C19-2
Add Component: Footprint Not Found CAPPM3216X180N
Add Component: Footprint Not Found CAPPM3216X180N
Add Component: Footprint Not Found PESD5V0S1BL315
Added Component: Designator=IC1(BG96MA)
Add component (AddParameter): Name = "Arrow Part Number"; Value = ""; VariantName = "[No Variations]"
Add component (AddParameter): Name = "Arrow Price/Stock"; Value = ""; VariantName = "[No Variations]"
Add component (AddParameter): Name = "Datasheet Link"; Value = "http://www.quectel.com/product/bg96.htm"; VariantName = "[No Variations]"
Add component (AddParameter): Name = "Height"; Value = "2mm"; VariantName = "[No Variations]"
Add component (AddParameter): Name = "JLC Footprint"; Value = "Not available with JLC"; VariantName = "[No Variations]"
Add component (AddParameter): Name = "JLCPCB Part #"; Value = "Not available with JLC"; VariantName = "[No Variations]"
Add component (AddParameter): Name = "Manufacturer_Name"; Value = "Quectel"; VariantName = "[No Variations]"
Add component (AddParameter): Name = "Manufacturer_Part_Number"; Value = "BG96MA"; VariantName = "[No Variations]"
Add component (AddParameter): Name = "MFG Name"; Value = "Quectel"; VariantName = "[No Variations]"
Add component (AddParameter): Name = "MFG Part Number"; Value = "BG96MA"; VariantName = "[No Variations]"
Add component (AddParameter): Name = "Mouser Part Number"; Value = ""; VariantName = "[No Variations]"
Add component (AddParameter): Name = "Mouser Price/Stock"; Value = ""; VariantName = "[No Variations]"
Add Component: Footprint Not Found 15Pin-Castellated
Add Component: Footprint Not Found 15Pin-Castellated
Add Component: Footprint Not Found TC2050-IDC_Lumen
Add Component: Footprint Not Found 5988A90107F
Add Component: Footprint Not Found 5988A90107F
Add Component: Footprint Not Found SON127P600X500X100-9N-D
Add Component: Footprint Not Found SODFL1608X80N
Add Component: Footprint Not Found SODFL1608X80N
Add Component: Footprint Not Found SODFL1608X80N
Add Pin To Net: Unknown Pin: Pin D2-1
Add Pin To Net: Unknown Pin: Pin D2-2
Added Pin To Net: NetName=GND Pin=IC1-3
Added Pin To Net: NetName=+5V_GSM_USB Pin=IC1-8
Added Pin To Net: NetName=NetIC1_9 Pin=IC1-9
Added Pin To Net: NetName=NetIC1_10 Pin=IC1-10
Added Pin To Net: NetName=NetIC1_15 Pin=IC1-15
Added Pin To Net: NetName=NetIC1_17 Pin=IC1-17
Added Pin To Net: NetName=NetIC1_20 Pin=IC1-20
Added Pin To Net: NetName=NetIC1_21 Pin=IC1-21
Added Pin To Net: NetName=NetIC1_22 Pin=IC1-22
Added Pin To Net: NetName=NetIC1_23 Pin=IC1-23
Added Pin To Net: NetName=NetIC1_27 Pin=IC1-27
Added Pin To Net: NetName=NetIC1_28 Pin=IC1-28
Added Pin To Net: NetName=GND Pin=IC1-31
Added Pin To Net: NetName=+3V8 Pin=IC1-32
Added Pin To Net: NetName=+3V8 Pin=IC1-33
Added Pin To Net: NetName=NetIC1_34 Pin=IC1-34
Added Pin To Net: NetName=NetIC1_35 Pin=IC1-35
Added Pin To Net: NetName=USIM_VDD Pin=IC1-43
Added Pin To Net: NetName=USIM_RST Pin=IC1-44
Added Pin To Net: NetName=USIM_DATA Pin=IC1-45
Added Pin To Net: NetName=USIM_CLK Pin=IC1-46
Added Pin To Net: NetName=GND Pin=IC1-47
Added Pin To Net: NetName=GND Pin=IC1-48
Added Pin To Net: NetName=ANT_GNSS Pin=IC1-49
Added Pin To Net: NetName=GND Pin=IC1-50
Added Pin To Net: NetName=+3V8 Pin=IC1-52
Added Pin To Net: NetName=+3V8 Pin=IC1-53
Added Pin To Net: NetName=GND Pin=IC1-54
Added Pin To Net: NetName=GND Pin=IC1-55
Added Pin To Net: NetName=GND Pin=IC1-58
Added Pin To Net: NetName=GND Pin=IC1-59
Added Pin To Net: NetName=NetC4_1 Pin=IC1-60
Added Pin To Net: NetName=GND Pin=IC1-61
Added Pin To Net: NetName=GND Pin=IC1-62
Added Pin To Net: NetName=GND Pin=IC1-67
Added Pin To Net: NetName=GND Pin=IC1-68
Added Pin To Net: NetName=GND Pin=IC1-69
Added Pin To Net: NetName=GND Pin=IC1-70
Added Pin To Net: NetName=GND Pin=IC1-71
Added Pin To Net: NetName=GND Pin=IC1-72
Added Pin To Net: NetName=GND Pin=IC1-73
Added Pin To Net: NetName=GND Pin=IC1-74
Added Pin To Net: NetName=GSM_USB_BOOT Pin=IC1-75
Added Pin To Net: NetName=GND Pin=IC1-79
Added Pin To Net: NetName=GND Pin=IC1-80
Added Pin To Net: NetName=GND Pin=IC1-81
Added Pin To Net: NetName=GND Pin=IC1-82
Added Pin To Net: NetName=GND Pin=IC1-89
Added Pin To Net: NetName=GND Pin=IC1-90
Added Pin To Net: NetName=GND Pin=IC1-91
Added Pin To Net: NetName=GND Pin=IC1-100
Added Pin To Net: NetName=GND Pin=IC1-101
Added Pin To Net: NetName=GND Pin=IC1-102
Add Pin To Net: Unknown Pin: Pin J2-1
Add Pin To Net: Unknown Pin: Pin J2-2
Add Pin To Net: Unknown Pin: Pin J2-3
Add Pin To Net: Unknown Pin: Pin J2-4
Add Pin To Net: Unknown Pin: Pin J2-5
Add Pin To Net: Unknown Pin: Pin J2-15
Add Pin To Net: Unknown Pin: Pin J3-1
Add Pin To Net: Unknown Pin: Pin J3-2
Add Pin To Net: Unknown Pin: Pin J3-3
Add Pin To Net: Unknown Pin: Pin J3-4
Add Pin To Net: Unknown Pin: Pin J3-5
Add Pin To Net: Unknown Pin: Pin J3-7
Add Pin To Net: Unknown Pin: Pin J3-8
Add Pin To Net: Unknown Pin: Pin J3-9
Add Pin To Net: Unknown Pin: Pin J3-10
Add Pin To Net: Unknown Pin: Pin LED1-1
Add Pin To Net: Unknown Pin: Pin LED1-2
Add Pin To Net: Unknown Pin: Pin LED2-1
Add Pin To Net: Unknown Pin: Pin LED2-2
Add Pin To Net: Unknown Pin: Pin U1-1
Add Pin To Net: Unknown Pin: Pin U1-3
Add Pin To Net: Unknown Pin: Pin U1-6
Add Pin To Net: Unknown Pin: Pin U1-7
Add Pin To Net: Unknown Pin: Pin U1-8
Add Pin To Net: Unknown Pin: Pin U1-9
Add Pin To Net: Unknown Pin: Pin Z1-1
Add Pin To Net: Unknown Pin: Pin Z1-2
Add Pin To Net: Unknown Pin: Pin Z2-1
Add Pin To Net: Unknown Pin: Pin Z2-2
Add Pin To Net: Unknown Pin: Pin Z3-1
Add Pin To Net: Unknown Pin: Pin Z3-2
