Add Component: Footprint Not Found FP-C0402-BB-MFG
Add Component: Footprint Not Found FP-C0402-BB-MFG
Add Component: Footprint Not Found FP-C0402-BB-MFG
Add Component: Footprint Not Found FP-CC0402-MFG
Add Component: Footprint Not Found FP-CC0402-MFG
Add Component: Footprint Not Found FP-C0402-BB-MFG
Add Component: Footprint Not Found FP-C0402-BB-MFG
Add Component: Footprint Not Found FP-C0402-BB-MFG
Add Component: Footprint Not Found FP-GRM32E-0_3-0_2-IPC_A
Add Component: Footprint Not Found FP-C0402-BB-MFG
Add Component: Footprint Not Found FP-C0402-BB-MFG
Add Component: Footprint Not Found FP-C0402-BB-MFG
Add Component: Footprint Not Found CAPC1005X55X25ML05T10
Add Component: Footprint Not Found CAPC1005X55X25ML05T10
Add Component: Footprint Not Found CAPPM3216X180N
Add Component: Footprint Not Found CAPPM3216X180N
Add Component: Footprint Not Found CAPC1005X55X25ML05T10
Add Component: Footprint Not Found CAPC1005X55X25ML05T10
Add Component: Footprint Not Found FP-C0402-BB-MFG
Add Component: Footprint Not Found FP-C0402-BB-MFG
Add Component: Footprint Not Found FP-CC0402-MFG
Add Component: Footprint Not Found FP-CC0402-MFG
Add Component: Footprint Not Found FP-CC0402-MFG
Add Component: Footprint Not Found FP-C0402-BB-MFG
Add Component: Footprint Not Found FP-CC0402-MFG
Add Component: Footprint Not Found ONSC-SOD-923-2-514AA-01_V
Add Component: Footprint Not Found PESD5V0S1BL315
Add Component: Footprint Not Found BG96MA
Add Component: Footprint Not Found 15Pin-Castellated
Add Component: Footprint Not Found 15Pin-Castellated
Add Component: Footprint Not Found TC2050-IDC_Lumen
Add Component: Footprint Not Found 5988A90107F
Add Component: Footprint Not Found 5988A90107F
Add Component: Footprint Not Found HRS-U.FL-R-SMT(10)_V
Add Component: Footprint Not Found HRS-U.FL-R-SMT(10)_V
Add Component: Footprint Not Found FP-318-08-IPC_B
Add Component: Footprint Not Found FP-318-08-IPC_B
Add Component: Footprint Not Found FP-318-08-IPC_B
Add Component: Footprint Not Found FP-318-08-IPC_B
Add Component: Footprint Not Found FP-318-08-IPC_B
Add Component: Footprint Not Found FP-318-08-IPC_B
Add Component: Footprint Not Found FP-318-08-IPC_B
Add Component: Footprint Not Found FP-CRCW0402-e3-MFG
Add Component: Footprint Not Found FP-CRCW0402-e3-IPC_B
Add Component: Footprint Not Found FP-CRCW0402-e3-IPC_B
Add Component: Footprint Not Found FP-CRCW0402-e3-MFG
Add Component: Footprint Not Found FP-CRCW0402-e3-IPC_B
Add Component: Footprint Not Found FP-CRCW0402-e3-IPC_B
Add Component: Footprint Not Found FP-CRCW0402-e3-MFG
Add Component: Footprint Not Found FP-CRCW0402-e3-IPC_B
Add Component: Footprint Not Found FP-CRCW0402-e3-IPC_B
Add Component: Footprint Not Found FP-CRCW0402-e3-IPC_C
Add Component: Footprint Not Found FP-CRCW0402-e3-IPC_C
Add Component: Footprint Not Found FP-CRCW0402-e3-IPC_B
Add Component: Footprint Not Found FP-CRCW0402-e3-IPC_B
Add Component: Footprint Not Found FP-CRCW0402-e3-IPC_C
Add Component: Footprint Not Found FP-CRCW0402-e3-IPC_C
Add Component: Footprint Not Found FP-CRCW0402-e3-IPC_C
Add Component: Footprint Not Found FP-CRCW0402-e3-IPC_C
Add Component: Footprint Not Found FP-CRCW0402-e3-IPC_C
Add Component: Footprint Not Found FP-CRCW0402-e3-IPC_B
Add Component: Footprint Not Found FP-CRCW0402-e3-IPC_C
Add Component: Footprint Not Found FP-CRCW0402-e3-IPC_C
Add Component: Footprint Not Found SON127P600X500X100-9N-D
Add Component: Footprint Not Found SODFL1608X80N
Add Component: Footprint Not Found SODFL1608X80N
Add Component: Footprint Not Found SODFL1608X80N
Add Pin To Net: Unknown Pin: Pin C1-1
Add Pin To Net: Unknown Pin: Pin C1-2
Add Pin To Net: Unknown Pin: Pin C2-1
Add Pin To Net: Unknown Pin: Pin C2-2
Add Pin To Net: Unknown Pin: Pin C3-1
Add Pin To Net: Unknown Pin: Pin C3-2
Add Pin To Net: Unknown Pin: Pin C4-1
Add Pin To Net: Unknown Pin: Pin C4-2
Add Pin To Net: Unknown Pin: Pin C5-1
Add Pin To Net: Unknown Pin: Pin C5-2
Add Pin To Net: Unknown Pin: Pin C6-1
Add Pin To Net: Unknown Pin: Pin C6-2
Add Pin To Net: Unknown Pin: Pin C7-1
Add Pin To Net: Unknown Pin: Pin C7-2
Add Pin To Net: Unknown Pin: Pin C8-1
Add Pin To Net: Unknown Pin: Pin C8-2
Add Pin To Net: Unknown Pin: Pin C9-1
Add Pin To Net: Unknown Pin: Pin C9-2
Add Pin To Net: Unknown Pin: Pin C10-1
Add Pin To Net: Unknown Pin: Pin C10-2
Add Pin To Net: Unknown Pin: Pin C16-1
Add Pin To Net: Unknown Pin: Pin C16-2
Add Pin To Net: Unknown Pin: Pin C17-1
Add Pin To Net: Unknown Pin: Pin C17-2
Add Pin To Net: Unknown Pin: Pin C18-1
Add Pin To Net: Unknown Pin: Pin C18-2
Add Pin To Net: Unknown Pin: Pin C19-1
Add Pin To Net: Unknown Pin: Pin C19-2
Add Pin To Net: Unknown Pin: Pin C20-1
Add Pin To Net: Unknown Pin: Pin C20-2
Add Pin To Net: Unknown Pin: Pin C21-1
Add Pin To Net: Unknown Pin: Pin C21-2
Add Pin To Net: Unknown Pin: Pin C22-1
Add Pin To Net: Unknown Pin: Pin C22-2
Add Pin To Net: Unknown Pin: Pin C23-1
Add Pin To Net: Unknown Pin: Pin C23-2
Add Pin To Net: Unknown Pin: Pin C24-1
Add Pin To Net: Unknown Pin: Pin C24-2
Add Pin To Net: Unknown Pin: Pin C25-1
Add Pin To Net: Unknown Pin: Pin C25-2
Add Pin To Net: Unknown Pin: Pin D1-1
Add Pin To Net: Unknown Pin: Pin D1-2
Add Pin To Net: Unknown Pin: Pin D2-1
Add Pin To Net: Unknown Pin: Pin D2-2
Add Pin To Net: Unknown Pin: Pin IC1-3
Add Pin To Net: Unknown Pin: Pin IC1-8
Add Pin To Net: Unknown Pin: Pin IC1-9
Add Pin To Net: Unknown Pin: Pin IC1-10
Add Pin To Net: Unknown Pin: Pin IC1-15
Add Pin To Net: Unknown Pin: Pin IC1-17
Add Pin To Net: Unknown Pin: Pin IC1-20
Add Pin To Net: Unknown Pin: Pin IC1-21
Add Pin To Net: Unknown Pin: Pin IC1-22
Add Pin To Net: Unknown Pin: Pin IC1-23
Add Pin To Net: Unknown Pin: Pin IC1-27
Add Pin To Net: Unknown Pin: Pin IC1-28
Add Pin To Net: Unknown Pin: Pin IC1-31
Add Pin To Net: Unknown Pin: Pin IC1-32
Add Pin To Net: Unknown Pin: Pin IC1-33
Add Pin To Net: Unknown Pin: Pin IC1-34
Add Pin To Net: Unknown Pin: Pin IC1-35
Add Pin To Net: Unknown Pin: Pin IC1-43
Add Pin To Net: Unknown Pin: Pin IC1-44
Add Pin To Net: Unknown Pin: Pin IC1-45
Add Pin To Net: Unknown Pin: Pin IC1-46
Add Pin To Net: Unknown Pin: Pin IC1-47
Add Pin To Net: Unknown Pin: Pin IC1-48
Add Pin To Net: Unknown Pin: Pin IC1-49
Add Pin To Net: Unknown Pin: Pin IC1-50
Add Pin To Net: Unknown Pin: Pin IC1-52
Add Pin To Net: Unknown Pin: Pin IC1-53
Add Pin To Net: Unknown Pin: Pin IC1-54
Add Pin To Net: Unknown Pin: Pin IC1-55
Add Pin To Net: Unknown Pin: Pin IC1-58
Add Pin To Net: Unknown Pin: Pin IC1-59
Add Pin To Net: Unknown Pin: Pin IC1-60
Add Pin To Net: Unknown Pin: Pin IC1-61
Add Pin To Net: Unknown Pin: Pin IC1-62
Add Pin To Net: Unknown Pin: Pin IC1-67
Add Pin To Net: Unknown Pin: Pin IC1-68
Add Pin To Net: Unknown Pin: Pin IC1-69
Add Pin To Net: Unknown Pin: Pin IC1-70
Add Pin To Net: Unknown Pin: Pin IC1-71
Add Pin To Net: Unknown Pin: Pin IC1-72
Add Pin To Net: Unknown Pin: Pin IC1-73
Add Pin To Net: Unknown Pin: Pin IC1-74
Add Pin To Net: Unknown Pin: Pin IC1-75
Add Pin To Net: Unknown Pin: Pin IC1-79
Add Pin To Net: Unknown Pin: Pin IC1-80
Add Pin To Net: Unknown Pin: Pin IC1-81
Add Pin To Net: Unknown Pin: Pin IC1-82
Add Pin To Net: Unknown Pin: Pin IC1-89
Add Pin To Net: Unknown Pin: Pin IC1-90
Add Pin To Net: Unknown Pin: Pin IC1-91
Add Pin To Net: Unknown Pin: Pin IC1-100
Add Pin To Net: Unknown Pin: Pin IC1-101
Add Pin To Net: Unknown Pin: Pin IC1-102
Add Pin To Net: Unknown Pin: Pin J2-1
Add Pin To Net: Unknown Pin: Pin J2-2
Add Pin To Net: Unknown Pin: Pin J2-3
Add Pin To Net: Unknown Pin: Pin J2-4
Add Pin To Net: Unknown Pin: Pin J2-5
Add Pin To Net: Unknown Pin: Pin J2-15
Add Pin To Net: Unknown Pin: Pin J3-1
Add Pin To Net: Unknown Pin: Pin J3-2
Add Pin To Net: Unknown Pin: Pin J3-3
Add Pin To Net: Unknown Pin: Pin J3-4
Add Pin To Net: Unknown Pin: Pin J3-5
Add Pin To Net: Unknown Pin: Pin J3-7
Add Pin To Net: Unknown Pin: Pin J3-8
Add Pin To Net: Unknown Pin: Pin J3-9
Add Pin To Net: Unknown Pin: Pin J3-10
Add Pin To Net: Unknown Pin: Pin LED1-1
Add Pin To Net: Unknown Pin: Pin LED1-2
Add Pin To Net: Unknown Pin: Pin LED2-1
Add Pin To Net: Unknown Pin: Pin LED2-2
Add Pin To Net: Unknown Pin: Pin P1-1
Add Pin To Net: Unknown Pin: Pin P1-2
Add Pin To Net: Unknown Pin: Pin P1-3
Add Pin To Net: Unknown Pin: Pin P2-1
Add Pin To Net: Unknown Pin: Pin P2-2
Add Pin To Net: Unknown Pin: Pin P2-3
Add Pin To Net: Unknown Pin: Pin Q1-1
Add Pin To Net: Unknown Pin: Pin Q1-2
Add Pin To Net: Unknown Pin: Pin Q1-3
Add Pin To Net: Unknown Pin: Pin Q2-1
Add Pin To Net: Unknown Pin: Pin Q2-2
Add Pin To Net: Unknown Pin: Pin Q2-3
Add Pin To Net: Unknown Pin: Pin Q3-1
Add Pin To Net: Unknown Pin: Pin Q3-2
Add Pin To Net: Unknown Pin: Pin Q3-3
Add Pin To Net: Unknown Pin: Pin Q4-1
Add Pin To Net: Unknown Pin: Pin Q4-2
Add Pin To Net: Unknown Pin: Pin Q4-3
Add Pin To Net: Unknown Pin: Pin Q5-1
Add Pin To Net: Unknown Pin: Pin Q5-2
Add Pin To Net: Unknown Pin: Pin Q5-3
Add Pin To Net: Unknown Pin: Pin Q6-1
Add Pin To Net: Unknown Pin: Pin Q6-2
Add Pin To Net: Unknown Pin: Pin Q6-3
Add Pin To Net: Unknown Pin: Pin Q7-1
Add Pin To Net: Unknown Pin: Pin Q7-2
Add Pin To Net: Unknown Pin: Pin Q7-3
Add Pin To Net: Unknown Pin: Pin R1-1
Add Pin To Net: Unknown Pin: Pin R1-2
Add Pin To Net: Unknown Pin: Pin R2-1
Add Pin To Net: Unknown Pin: Pin R2-2
Add Pin To Net: Unknown Pin: Pin R3-1
Add Pin To Net: Unknown Pin: Pin R3-2
Add Pin To Net: Unknown Pin: Pin R4-1
Add Pin To Net: Unknown Pin: Pin R4-2
Add Pin To Net: Unknown Pin: Pin R5-1
Add Pin To Net: Unknown Pin: Pin R5-2
Add Pin To Net: Unknown Pin: Pin R6-1
Add Pin To Net: Unknown Pin: Pin R6-2
Add Pin To Net: Unknown Pin: Pin R7-1
Add Pin To Net: Unknown Pin: Pin R7-2
Add Pin To Net: Unknown Pin: Pin R8-1
Add Pin To Net: Unknown Pin: Pin R8-2
Add Pin To Net: Unknown Pin: Pin R9-1
Add Pin To Net: Unknown Pin: Pin R9-2
Add Pin To Net: Unknown Pin: Pin R10-1
Add Pin To Net: Unknown Pin: Pin R10-2
Add Pin To Net: Unknown Pin: Pin R11-1
Add Pin To Net: Unknown Pin: Pin R11-2
Add Pin To Net: Unknown Pin: Pin R12-1
Add Pin To Net: Unknown Pin: Pin R12-2
Add Pin To Net: Unknown Pin: Pin R13-1
Add Pin To Net: Unknown Pin: Pin R13-2
Add Pin To Net: Unknown Pin: Pin R14-1
Add Pin To Net: Unknown Pin: Pin R14-2
Add Pin To Net: Unknown Pin: Pin R15-1
Add Pin To Net: Unknown Pin: Pin R15-2
Add Pin To Net: Unknown Pin: Pin R16-1
Add Pin To Net: Unknown Pin: Pin R16-2
Add Pin To Net: Unknown Pin: Pin R17-1
Add Pin To Net: Unknown Pin: Pin R17-2
Add Pin To Net: Unknown Pin: Pin R18-1
Add Pin To Net: Unknown Pin: Pin R18-2
Add Pin To Net: Unknown Pin: Pin R19-1
Add Pin To Net: Unknown Pin: Pin R19-2
Add Pin To Net: Unknown Pin: Pin R20-1
Add Pin To Net: Unknown Pin: Pin R20-2
Add Pin To Net: Unknown Pin: Pin R21-1
Add Pin To Net: Unknown Pin: Pin R21-2
Add Pin To Net: Unknown Pin: Pin U1-1
Add Pin To Net: Unknown Pin: Pin U1-3
Add Pin To Net: Unknown Pin: Pin U1-6
Add Pin To Net: Unknown Pin: Pin U1-7
Add Pin To Net: Unknown Pin: Pin U1-8
Add Pin To Net: Unknown Pin: Pin U1-9
Add Pin To Net: Unknown Pin: Pin Z1-1
Add Pin To Net: Unknown Pin: Pin Z1-2
Add Pin To Net: Unknown Pin: Pin Z2-1
Add Pin To Net: Unknown Pin: Pin Z2-2
Add Pin To Net: Unknown Pin: Pin Z3-1
Add Pin To Net: Unknown Pin: Pin Z3-2
