Removed Pin From Net: NetName=BG96_STATUS Pin=Q7-1
Removed Pin From Net: NetName=GND Pin=Q7-2
Removed Pin From Net: NetName=BG96_NET Pin=Q8-1
Removed Pin From Net: NetName=GND Pin=Q8-2
Change Component Designator: OldDesignator=D1 NewDesignator=D3
Change Component Designator: OldDesignator=D2 NewDesignator=D4
Change Component Designator: OldDesignator=D3 NewDesignator=D5
Change Component Designator: OldDesignator=D4 NewDesignator=D6
Change Component Designator: OldDesignator=D5 NewDesignator=D7
Change Component Designator: OldDesignator=D6 NewDesignator=D8
Change Component Designator: OldDesignator=D7 NewDesignator=D2
Change Component Designator: OldDesignator=D8 NewDesignator=D1
Change Component Designator: OldDesignator=LED4 NewDesignator=LED1
Change Component Designator: OldDesignator=LED5 NewDesignator=LED2
Change Component Designator: OldDesignator=Q9 NewDesignator=Q7
Change Component Designator: OldDesignator=Q10 NewDesignator=Q8
Change Component Designator: OldDesignator=Q11 NewDesignator=Q9
Change Component Designator: OldDesignator=Q12 NewDesignator=Q10
Change Component Designator: OldDesignator=R13 NewDesignator=R14
Change Component Designator: OldDesignator=R14 NewDesignator=R13
Change Component Designator: OldDesignator=R18 NewDesignator=R20
Change Component Designator: OldDesignator=R19 NewDesignator=R18
Change Component Designator: OldDesignator=R20 NewDesignator=R19
Change Net Name : Old Net Name=NetD4_1 New Net Name=NetD6_1
Change Net Name : Old Net Name=NetLED4_2 New Net Name=NetLED1_2
Change Net Name : Old Net Name=NetLED5_3 New Net Name=NetLED2_3
Change Net Name : Old Net Name=NetQ11_3 New Net Name=NetQ9_3
Change Net Name : Old Net Name=NetQ12_3 New Net Name=NetQ10_3
Change Net Name : Old Net Name=NetR13_1 New Net Name=NetR14_1
