Change Net Name : Old Net Name=NetC9_2 New Net Name=USIM_VDD
Change Net Name : Old Net Name=NetC10_2 New Net Name=USIM_DATA
Change Net Name : Old Net Name=NetC11_2 New Net Name=USIM_CLK
Change Net Name : Old Net Name=NetC12_2 New Net Name=USIM_RST
Change Net Name : Old Net Name=NetC13_2 New Net Name=BG96_RESET
Change Net Name : Old Net Name=NetC14_2 New Net Name=BG96_PWRKEY
Change Net Name : Old Net Name=NetD1_1 New Net Name=GSM_USB_D-
Change Net Name : Old Net Name=NetD2_1 New Net Name=GSM_USB_D+
Change Net Name : Old Net Name=NetD5_1 New Net Name=EXT_DEBUG_UART_TX
Change Net Name : Old Net Name=NetD6_1 New Net Name=EXT_DEBUG_UART_RX
Change Net Name : Old Net Name=NetIC1_15 New Net Name=PWRKEY
Change Net Name : Old Net Name=NetIC1_17 New Net Name=GSM_RESET_N
Change Net Name : Old Net Name=NetIC1_20 New Net Name=GSM_STATUS
Change Net Name : Old Net Name=NetIC1_21 New Net Name=GSM_NETLIGHT
Change Net Name : Old Net Name=NetIC1_22 New Net Name=BG96_DEBUG_UART_RX
Change Net Name : Old Net Name=NetIC1_23 New Net Name=BG96_DEBUG_UART_TX
Change Net Name : Old Net Name=NetIC1_27 New Net Name=BG96_GNSS_UART_TX
Change Net Name : Old Net Name=NetIC1_28 New Net Name=BG96_GNSS_UART_RX
Change Net Name : Old Net Name=NetIC1_34 New Net Name=BG96_UART1_RX
Change Net Name : Old Net Name=NetIC1_35 New Net Name=BG96_UART1_TX
Change Net Name : Old Net Name=NetQ1_3 New Net Name=MCU_UART1_TX
Change Net Name : Old Net Name=NetQ2_3 New Net Name=MCU_UART1_RX
Change Net Name : Old Net Name=NetQ5_3 New Net Name=EXT_GNSS_UART_TX
Change Net Name : Old Net Name=NetQ6_3 New Net Name=EXT_GNSS_UART_RX
Change Net Name : Old Net Name=NetQ7_1 New Net Name=BG96_STATUS
Change Net Name : Old Net Name=NetQ7_3 New Net Name=MCU_STATUS
Change Net Name : Old Net Name=NetQ8_1 New Net Name=BG96_NET
Change Net Name : Old Net Name=NetQ8_3 New Net Name=MCU_NET
Change Net Name : Old Net Name=NetQ9_1 New Net Name=MCU_BG96_RESET
Change Net Name : Old Net Name=NetQ10_1 New Net Name=MCU_BG96_PWRKEY
