Add Component: Footprint Not Found CAPPM3216X180N
Add Component: Footprint Not Found CAPPM3216X180N
Add Component: Footprint Not Found PESD5V0S1BL315
Add Component: Footprint Not Found BG96MA
Add Component: Footprint Not Found 15Pin-Castellated
Add Component: Footprint Not Found 15Pin-Castellated
Add Component: Footprint Not Found TC2050-IDC_Lumen
Add Component: Footprint Not Found 5988A90107F
Add Component: Footprint Not Found 5988A90107F
Add Component: Footprint Not Found SON127P600X500X100-9N-D
Add Component: Footprint Not Found SODFL1608X80N
Add Component: Footprint Not Found SODFL1608X80N
Add Component: Footprint Not Found SODFL1608X80N
Add Pin To Net: Unknown Pin: Pin C16-1
Add Pin To Net: Unknown Pin: Pin C16-2
Add Pin To Net: Unknown Pin: Pin D2-1
Add Pin To Net: Unknown Pin: Pin D2-2
Add Pin To Net: Unknown Pin: Pin IC1-3
Add Pin To Net: Unknown Pin: Pin IC1-8
Add Pin To Net: Unknown Pin: Pin IC1-9
Add Pin To Net: Unknown Pin: Pin IC1-10
Add Pin To Net: Unknown Pin: Pin IC1-15
Add Pin To Net: Unknown Pin: Pin IC1-17
Add Pin To Net: Unknown Pin: Pin IC1-20
Add Pin To Net: Unknown Pin: Pin IC1-21
Add Pin To Net: Unknown Pin: Pin IC1-22
Add Pin To Net: Unknown Pin: Pin IC1-23
Add Pin To Net: Unknown Pin: Pin IC1-27
Add Pin To Net: Unknown Pin: Pin IC1-28
Add Pin To Net: Unknown Pin: Pin IC1-31
Add Pin To Net: Unknown Pin: Pin IC1-32
Add Pin To Net: Unknown Pin: Pin IC1-33
Add Pin To Net: Unknown Pin: Pin IC1-34
Add Pin To Net: Unknown Pin: Pin IC1-35
Add Pin To Net: Unknown Pin: Pin IC1-43
Add Pin To Net: Unknown Pin: Pin IC1-44
Add Pin To Net: Unknown Pin: Pin IC1-45
Add Pin To Net: Unknown Pin: Pin IC1-46
Add Pin To Net: Unknown Pin: Pin IC1-47
Add Pin To Net: Unknown Pin: Pin IC1-48
Add Pin To Net: Unknown Pin: Pin IC1-49
Add Pin To Net: Unknown Pin: Pin IC1-50
Add Pin To Net: Unknown Pin: Pin IC1-52
Add Pin To Net: Unknown Pin: Pin IC1-53
Add Pin To Net: Unknown Pin: Pin IC1-54
Add Pin To Net: Unknown Pin: Pin IC1-55
Add Pin To Net: Unknown Pin: Pin IC1-58
Add Pin To Net: Unknown Pin: Pin IC1-59
Add Pin To Net: Unknown Pin: Pin IC1-60
Add Pin To Net: Unknown Pin: Pin IC1-61
Add Pin To Net: Unknown Pin: Pin IC1-62
Add Pin To Net: Unknown Pin: Pin IC1-67
Add Pin To Net: Unknown Pin: Pin IC1-68
Add Pin To Net: Unknown Pin: Pin IC1-69
Add Pin To Net: Unknown Pin: Pin IC1-70
Add Pin To Net: Unknown Pin: Pin IC1-71
Add Pin To Net: Unknown Pin: Pin IC1-72
Add Pin To Net: Unknown Pin: Pin IC1-73
Add Pin To Net: Unknown Pin: Pin IC1-74
Add Pin To Net: Unknown Pin: Pin IC1-75
Add Pin To Net: Unknown Pin: Pin IC1-79
Add Pin To Net: Unknown Pin: Pin IC1-80
Add Pin To Net: Unknown Pin: Pin IC1-81
Add Pin To Net: Unknown Pin: Pin IC1-82
Add Pin To Net: Unknown Pin: Pin IC1-89
Add Pin To Net: Unknown Pin: Pin IC1-90
Add Pin To Net: Unknown Pin: Pin IC1-91
Add Pin To Net: Unknown Pin: Pin IC1-100
Add Pin To Net: Unknown Pin: Pin IC1-101
Add Pin To Net: Unknown Pin: Pin IC1-102
Add Pin To Net: Unknown Pin: Pin J2-1
Add Pin To Net: Unknown Pin: Pin J2-2
Add Pin To Net: Unknown Pin: Pin J2-3
Add Pin To Net: Unknown Pin: Pin J2-4
Add Pin To Net: Unknown Pin: Pin J2-5
Add Pin To Net: Unknown Pin: Pin J2-15
Add Pin To Net: Unknown Pin: Pin J3-1
Add Pin To Net: Unknown Pin: Pin J3-2
Add Pin To Net: Unknown Pin: Pin J3-3
Add Pin To Net: Unknown Pin: Pin J3-4
Add Pin To Net: Unknown Pin: Pin J3-5
Add Pin To Net: Unknown Pin: Pin J3-7
Add Pin To Net: Unknown Pin: Pin J3-8
Add Pin To Net: Unknown Pin: Pin J3-9
Add Pin To Net: Unknown Pin: Pin J3-10
Add Pin To Net: Unknown Pin: Pin LED1-1
Add Pin To Net: Unknown Pin: Pin LED1-2
Add Pin To Net: Unknown Pin: Pin LED2-1
Add Pin To Net: Unknown Pin: Pin LED2-2
Add Pin To Net: Unknown Pin: Pin U1-1
Add Pin To Net: Unknown Pin: Pin U1-3
Add Pin To Net: Unknown Pin: Pin U1-6
Add Pin To Net: Unknown Pin: Pin U1-7
Add Pin To Net: Unknown Pin: Pin U1-8
Add Pin To Net: Unknown Pin: Pin U1-9
Add Pin To Net: Unknown Pin: Pin Z1-1
Add Pin To Net: Unknown Pin: Pin Z1-2
Add Pin To Net: Unknown Pin: Pin Z2-1
Add Pin To Net: Unknown Pin: Pin Z2-2
Add Pin To Net: Unknown Pin: Pin Z3-1
Add Pin To Net: Unknown Pin: Pin Z3-2
