Removed Parameter JLC Footprint:ANT-SMD from Part ANT?
Removed Parameter JLC Footprint:CAP-SMD from Part C?
Removed Parameter JLC Footprint:CAP-SMD from Part C?
Removed Parameter JLC Footprint:CAP-SMD from Part C?
Removed Parameter JLC Footprint:Not available with JLC from Part U?
Removed Parameter JLC Footprint:Not available with JLC from Part IC?
Removed Parameter JLC Footprint:Not available with JLC from Part C?
Removed Parameter JLC Footprint:R0402 from Part R?
Removed Parameter JLC Footprint:R0402 from Part R?
Removed Parameter JLC Footprint:R0402 from Part R?
Removed Parameter JLC Footprint:R0402 from Part R?
Removed Parameter JLC Footprint:SOD-923 from Part D?
Removed Parameter JLC Footprint:SOD-923 from Part D?
Removed Parameter JLC Footprint:SOT-23-3 from Part Q?
Removed Parameter JLCPCB Part #:C52895 from Part Q?
Removed Parameter JLCPCB Part #:C82326 from Part D?
Removed Parameter JLCPCB Part #:C130456 from Part D?
Removed Parameter JLCPCB Part #:C162118 from Part C?
Removed Parameter JLCPCB Part #:C162118 from Part C?
Removed Parameter JLCPCB Part #:C162118 from Part C?
Removed Parameter JLCPCB Part #:C434812 from Part ANT?
Removed Parameter JLCPCB Part #:Not available with JLC from Part R?
Removed Parameter JLCPCB Part #:Not available with JLC from Part R?
Removed Parameter JLCPCB Part #:Not available with JLC from Part R?
Removed Parameter JLCPCB Part #:Not available with JLC from Part R?
Removed Parameter JLCPCB Part #:Not available with JLC from Part U?
Removed Parameter JLCPCB Part #:Not available with JLC from Part IC?
Removed Parameter JLCPCB Part #:Not available with JLC from Part C?
Removed Parameter RoHS:Pb-Free from Part D?
Removed Parameter RoHS:Pb-Free from Part D?
Removed Parameter Supplier 2:Digi-Key from Part C?
Removed Parameter Supplier 2:Digi-Key from Part ANT?
Removed Parameter Supplier 2:Farnell from Part Q?
Removed Parameter Supplier 2:LCSC from Part R?
Removed Parameter Supplier 2:Mouser from Part R?
Removed Parameter Supplier 2:Mouser from Part IC?
Removed Parameter Supplier 2:Mouser from Part C?
Removed Parameter Supplier 2:Mouser from Part C?
Removed Parameter Supplier 2:Mouser from Part D?
Removed Parameter Supplier 2:Mouser from Part D?
Removed Parameter Supplier 2:Mouser from Part LED?
Removed Parameter Supplier 2:Mouser from Part D?
Removed Parameter Supplier 2:Mouser from Part C?
Removed Parameter Supplier 3:LCSC from Part R?
Removed Parameter Supplier 3:LCSC from Part D?
Removed Parameter Supplier 3:LCSC from Part D?
Removed Parameter Supplier 3:LCSC from Part D?
Removed Parameter Supplier 3:Mouser from Part Q?
Removed Parameter Supplier 3:Mouser from Part C?
Removed Parameter Supplier 3:Mouser from Part ANT?
Removed Parameter Supplier Part Number 2:80-T520A107M006AT from Part C?
Removed Parameter Supplier Part Number 2:81-GRM1555C1H6R0CA1D from Part C?
Removed Parameter Supplier Part Number 2:187-CL05B104KB54PNC from Part C?
Removed Parameter Supplier Part Number 2:277-BG96MA-128-SGN from Part IC?
Removed Parameter Supplier Part Number 2:303-0402WGF1502TCE from Part R?
Removed Parameter Supplier Part Number 2:490-GJM1555C1H330GB01DCT-ND from Part C?
Removed Parameter Supplier Part Number 2:859-LTST-C19HE1WT from Part LED?
Removed Parameter Supplier Part Number 2:863-ESD9L5.0ST5G from Part D?
Removed Parameter Supplier Part Number 2:863-ESD9X3.3ST5G from Part D?
Removed Parameter Supplier Part Number 2:947-SD12C.TCT from Part D?
Removed Parameter Supplier Part Number 2:3943470 from Part Q?
Removed Parameter Supplier Part Number 2:C25744 from Part R?
Removed Parameter Supplier Part Number 2:H9161-ND from Part ANT?
Removed Parameter Supplier Part Number 3:81-GJM1555C1H330GB1D from Part C?
Removed Parameter Supplier Part Number 3:621-BSS138K-13 from Part Q?
Removed Parameter Supplier Part Number 3:798-U.FL-R-SMT01 from Part ANT?
Removed Parameter Supplier Part Number 3:C25756 from Part R?
Removed Parameter Supplier Part Number 3:C82326 from Part D?
Removed Parameter Supplier Part Number 3:C85198 from Part D?
Removed Parameter Supplier Part Number 3:C130456 from Part D?
