Removed Pin From Net: NetName=USIM_DATA Pin=U1-3
Change Component Designator: OldDesignator=D? NewDesignator=D8
Change component parameters: Designator = "D1" ("D1"); Footprint = "ONSC-SOD-923-2-514AA-01_V"; UniqueID = "\SAJRAUSV" ("\SAJRAUSV")
Change component parameters (AddParameter): Name = "C Max (pF)"; Value = "0.9"; VariantName = "[No Variations]"
Change component parameters (AddParameter): Name = "ComponentLink1Description"; Value = "Manufacturer URL"; VariantName = "[No Variations]"
Change component parameters (AddParameter): Name = "ComponentLink1URL"; Value = "http://www.onsemi.com/"; VariantName = "[No Variations]"
Change component parameters (AddParameter): Name = "ComponentLink2Description"; Value = "Datasheet"; VariantName = "[No Variations]"
Change component parameters (AddParameter): Name = "ComponentLink2URL"; Value = "http://www.onsemi.cn/pub_link/Collateral/ESD9L-D.PDF"; VariantName = "[No Variations]"
Change component parameters (AddParameter): Name = "ComponentLink3Description"; Value = "Package Specification"; VariantName = "[No Variations]"
Change component parameters (AddParameter): Name = "ComponentLink3URL"; Value = "http://www.onsemi.com/pub_link/Collateral/514AB.PDF"; VariantName = "[No Variations]"
Change component parameters (AddParameter): Name = "DatasheetVersion"; Value = "Rev. 5"; VariantName = "[No Variations]"
Change component parameters (AddParameter): Name = "Direction"; Value = "Unidirectional"; VariantName = "[No Variations]"
Change component parameters (AddParameter): Name = "IR Max (uA)"; Value = "1"; VariantName = "[No Variations]"
Change component parameters (AddParameter): Name = "JLC Footprint"; Value = "SOD-923"; VariantName = "[No Variations]"
Change component parameters (AddParameter): Name = "JLCPCB Part #"; Value = "C82326"; VariantName = "[No Variations]"
Change component parameters (AddParameter): Name = "Manufacturer"; Value = "ON Semiconductor"; VariantName = "[No Variations]"
Change component parameters (AddParameter): Name = "Manufacturer Part Number"; Value = "ESD9L5.0ST5G"; VariantName = "[No Variations]"
Change component parameters (AddParameter): Name = "Manufacturer_Name"; Value = "On Semiconductor"; VariantName = "[No Variations]"
Change component parameters (AddParameter): Name = "Manufacturer_Part_Number"; Value = "ESD9L5.0ST5G"; VariantName = "[No Variations]"
Change component parameters (AddParameter): Name = "MFG Name"; Value = "onsemi"; VariantName = "[No Variations]"
Change component parameters (AddParameter): Name = "MFG Part Number"; Value = "ESD9L5.0ST5G"; VariantName = "[No Variations]"
Change component parameters (AddParameter): Name = "Mounting Technology"; Value = "Surface Mount"; VariantName = "[No Variations]"
Change component parameters (AddParameter): Name = "Number of Lines"; Value = "1"; VariantName = "[No Variations]"
Change component parameters (AddParameter): Name = "PackageDescription"; Value = "2-Pin SOD, Body 0.8 x 0.6 mm"; VariantName = "[No Variations]"
Change component parameters (AddParameter): Name = "PackageReference"; Value = "SOD-923-2-514AB-01"; VariantName = "[No Variations]"
Change component parameters (AddParameter): Name = "PackageVersion"; Value = "Rev. C, 03/2011"; VariantName = "[No Variations]"
Change component parameters (AddParameter): Name = "Packing"; Value = "Tape and Reel"; VariantName = "[No Variations]"
Change component parameters (AddParameter): Name = "PartNumber"; Value = "ESD9L5.0ST5G"; VariantName = "[No Variations]"
Change component parameters (AddParameter): Name = "RoHS"; Value = "Pb-Free"; VariantName = "[No Variations]"
Change component parameters (AddParameter): Name = "Supplier 1"; Value = "Digi-Key"; VariantName = "[No Variations]"
Change component parameters (AddParameter): Name = "Supplier 2"; Value = "Mouser"; VariantName = "[No Variations]"
Change component parameters (AddParameter): Name = "Supplier 3"; Value = "LCSC"; VariantName = "[No Variations]"
Change component parameters (AddParameter): Name = "Supplier Part Number 1"; Value = "ESD9L5.0ST5GOSCT-ND"; VariantName = "[No Variations]"
Change component parameters (AddParameter): Name = "Supplier Part Number 2"; Value = "863-ESD9L5.0ST5G"; VariantName = "[No Variations]"
Change component parameters (AddParameter): Name = "Supplier Part Number 3"; Value = "C82326"; VariantName = "[No Variations]"
Change component parameters (AddParameter): Name = "V(BR) Min (V)"; Value = "5.4"; VariantName = "[No Variations]"
Change component parameters (AddParameter): Name = "Value"; Value = "5V TVS"; VariantName = "[No Variations]"
Change component parameters (AddParameter): Name = "VRWM Max (V)"; Value = "5"; VariantName = "[No Variations]"
Change component parameters: Designator = "D2" ("D2"); Footprint = "ONSC-SOD-923-2-514AA-01_V"; UniqueID = "\TKVNIXRR" ("\TKVNIXRR")
Change component parameters (AddParameter): Name = "C Max (pF)"; Value = "0.9"; VariantName = "[No Variations]"
Change component parameters (AddParameter): Name = "ComponentLink1Description"; Value = "Manufacturer URL"; VariantName = "[No Variations]"
Change component parameters (AddParameter): Name = "ComponentLink1URL"; Value = "http://www.onsemi.com/"; VariantName = "[No Variations]"
Change component parameters (AddParameter): Name = "ComponentLink2Description"; Value = "Datasheet"; VariantName = "[No Variations]"
Change component parameters (AddParameter): Name = "ComponentLink2URL"; Value = "http://www.onsemi.cn/pub_link/Collateral/ESD9L-D.PDF"; VariantName = "[No Variations]"
Change component parameters (AddParameter): Name = "ComponentLink3Description"; Value = "Package Specification"; VariantName = "[No Variations]"
Change component parameters (AddParameter): Name = "ComponentLink3URL"; Value = "http://www.onsemi.com/pub_link/Collateral/514AB.PDF"; VariantName = "[No Variations]"
Change component parameters (AddParameter): Name = "DatasheetVersion"; Value = "Rev. 5"; VariantName = "[No Variations]"
Change component parameters (AddParameter): Name = "Direction"; Value = "Unidirectional"; VariantName = "[No Variations]"
Change component parameters (AddParameter): Name = "IR Max (uA)"; Value = "1"; VariantName = "[No Variations]"
Change component parameters (AddParameter): Name = "JLC Footprint"; Value = "SOD-923"; VariantName = "[No Variations]"
Change component parameters (AddParameter): Name = "JLCPCB Part #"; Value = "C82326"; VariantName = "[No Variations]"
Change component parameters (AddParameter): Name = "Manufacturer"; Value = "ON Semiconductor"; VariantName = "[No Variations]"
Change component parameters (AddParameter): Name = "Manufacturer Part Number"; Value = "ESD9L5.0ST5G"; VariantName = "[No Variations]"
Change component parameters (AddParameter): Name = "Manufacturer_Name"; Value = "On Semiconductor"; VariantName = "[No Variations]"
Change component parameters (AddParameter): Name = "Manufacturer_Part_Number"; Value = "ESD9L5.0ST5G"; VariantName = "[No Variations]"
Change component parameters (AddParameter): Name = "MFG Name"; Value = "onsemi"; VariantName = "[No Variations]"
Change component parameters (AddParameter): Name = "MFG Part Number"; Value = "ESD9L5.0ST5G"; VariantName = "[No Variations]"
Change component parameters (AddParameter): Name = "Mounting Technology"; Value = "Surface Mount"; VariantName = "[No Variations]"
Change component parameters (AddParameter): Name = "Number of Lines"; Value = "1"; VariantName = "[No Variations]"
Change component parameters (AddParameter): Name = "PackageDescription"; Value = "2-Pin SOD, Body 0.8 x 0.6 mm"; VariantName = "[No Variations]"
Change component parameters (AddParameter): Name = "PackageReference"; Value = "SOD-923-2-514AB-01"; VariantName = "[No Variations]"
Change component parameters (AddParameter): Name = "PackageVersion"; Value = "Rev. C, 03/2011"; VariantName = "[No Variations]"
Change component parameters (AddParameter): Name = "Packing"; Value = "Tape and Reel"; VariantName = "[No Variations]"
Change component parameters (AddParameter): Name = "PartNumber"; Value = "ESD9L5.0ST5G"; VariantName = "[No Variations]"
Change component parameters (AddParameter): Name = "RoHS"; Value = "Pb-Free"; VariantName = "[No Variations]"
Change component parameters (AddParameter): Name = "Supplier 1"; Value = "Digi-Key"; VariantName = "[No Variations]"
Change component parameters (AddParameter): Name = "Supplier 2"; Value = "Mouser"; VariantName = "[No Variations]"
Change component parameters (AddParameter): Name = "Supplier 3"; Value = "LCSC"; VariantName = "[No Variations]"
Change component parameters (AddParameter): Name = "Supplier Part Number 1"; Value = "ESD9L5.0ST5GOSCT-ND"; VariantName = "[No Variations]"
Change component parameters (AddParameter): Name = "Supplier Part Number 2"; Value = "863-ESD9L5.0ST5G"; VariantName = "[No Variations]"
Change component parameters (AddParameter): Name = "Supplier Part Number 3"; Value = "C82326"; VariantName = "[No Variations]"
Change component parameters (AddParameter): Name = "V(BR) Min (V)"; Value = "5.4"; VariantName = "[No Variations]"
Change component parameters (AddParameter): Name = "Value"; Value = "5V TVS"; VariantName = "[No Variations]"
Change component parameters (AddParameter): Name = "VRWM Max (V)"; Value = "5"; VariantName = "[No Variations]"
Change component parameters: Designator = "D4" ("D4"); Footprint = "ONSC-SOD-923-2-514AA-01_V"; UniqueID = "\USZOCQJM" ("\USZOCQJM")
Change component parameters (AddParameter): Name = "ComponentLink1Description"; Value = "Manufacturer URL"; VariantName = "[No Variations]"
Change component parameters (AddParameter): Name = "ComponentLink1URL"; Value = "http://www.onsemi.com/"; VariantName = "[No Variations]"
Change component parameters (AddParameter): Name = "ComponentLink2Description"; Value = "Datasheet"; VariantName = "[No Variations]"
Change component parameters (AddParameter): Name = "ComponentLink2URL"; Value = "http://www.onsemi.cn/pub_link/Collateral/ESD9X3.3ST5G-D.PDF"; VariantName = "[No Variations]"
Change component parameters (AddParameter): Name = "ComponentLink3Description"; Value = "Package Specification"; VariantName = "[No Variations]"
Change component parameters (AddParameter): Name = "ComponentLink3URL"; Value = "http://www.onsemi.com/pub_link/Collateral/514AA.PDF"; VariantName = "[No Variations]"
Change component parameters (AddParameter): Name = "DatasheetVersion"; Value = "Rev. 7"; VariantName = "[No Variations]"
Change component parameters (AddParameter): Name = "Direction"; Value = "Unidirectional"; VariantName = "[No Variations]"
Change component parameters (AddParameter): Name = "IR Max (uA)"; Value = "2.5"; VariantName = "[No Variations]"
Change component parameters (AddParameter): Name = "JLC Footprint"; Value = "SOD-923"; VariantName = "[No Variations]"
Change component parameters (AddParameter): Name = "JLCPCB Part #"; Value = "C130456"; VariantName = "[No Variations]"
Change component parameters (AddParameter): Name = "Manufacturer"; Value = "On Semiconductor"; VariantName = "[No Variations]"
Change component parameters (AddParameter): Name = "Manufacturer Part Number"; Value = "ESD9X3.3ST5G"; VariantName = "[No Variations]"
Change component parameters (AddParameter): Name = "MFG Name"; Value = "ON Semiconductor"; VariantName = "[No Variations]"
Change component parameters (AddParameter): Name = "MFG Part Number"; Value = "ESD9X3.3ST5G"; VariantName = "[No Variations]"
Change component parameters (AddParameter): Name = "Mounting Technology"; Value = "Surface Mount"; VariantName = "[No Variations]"
Change component parameters (AddParameter): Name = "Number of Lines"; Value = "1"; VariantName = "[No Variations]"
Change component parameters (AddParameter): Name = "PackageDescription"; Value = "2-Pin SOD, Body 0.8 x 0.6 mm"; VariantName = "[No Variations]"
Change component parameters (AddParameter): Name = "PackageReference"; Value = "SOD-923-2-514AA-01"; VariantName = "[No Variations]"
Change component parameters (AddParameter): Name = "PackageVersion"; Value = "Rev. E, 03/2011"; VariantName = "[No Variations]"
Change component parameters (AddParameter): Name = "Packing"; Value = "Tape and Reel"; VariantName = "[No Variations]"
Change component parameters (AddParameter): Name = "PartNumber"; Value = "ESD9X3.3ST5G"; VariantName = "[No Variations]"
Change component parameters (AddParameter): Name = "RoHS"; Value = "Pb-Free"; VariantName = "[No Variations]"
Change component parameters (AddParameter): Name = "Supplier 1"; Value = "Farnell"; VariantName = "[No Variations]"
Change component parameters (AddParameter): Name = "Supplier 2"; Value = "Mouser"; VariantName = "[No Variations]"
Change component parameters (AddParameter): Name = "Supplier 3"; Value = "LCSC"; VariantName = "[No Variations]"
Change component parameters (AddParameter): Name = "Supplier Part Number 1"; Value = "2627963"; VariantName = "[No Variations]"
Change component parameters (AddParameter): Name = "Supplier Part Number 2"; Value = "863-ESD9X3.3ST5G"; VariantName = "[No Variations]"
Change component parameters (AddParameter): Name = "Supplier Part Number 3"; Value = "C130456"; VariantName = "[No Variations]"
Change component parameters (AddParameter): Name = "V(BR) Min (V)"; Value = "5"; VariantName = "[No Variations]"
Change component parameters (AddParameter): Name = "Value"; Value = "3V3 TVS "; VariantName = "[No Variations]"
Change component parameters (AddParameter): Name = "VRWM Max (V)"; Value = "3.3"; VariantName = "[No Variations]"
Change component parameters: Designator = "D5" ("D5"); Footprint = "ONSC-SOD-923-2-514AA-01_V"; UniqueID = "\YAFGJLGC" ("\YAFGJLGC")
Change component parameters (AddParameter): Name = "ComponentLink1Description"; Value = "Manufacturer URL"; VariantName = "[No Variations]"
Change component parameters (AddParameter): Name = "ComponentLink1URL"; Value = "http://www.onsemi.com/"; VariantName = "[No Variations]"
Change component parameters (AddParameter): Name = "ComponentLink2Description"; Value = "Datasheet"; VariantName = "[No Variations]"
Change component parameters (AddParameter): Name = "ComponentLink2URL"; Value = "http://www.onsemi.cn/pub_link/Collateral/ESD9X3.3ST5G-D.PDF"; VariantName = "[No Variations]"
Change component parameters (AddParameter): Name = "ComponentLink3Description"; Value = "Package Specification"; VariantName = "[No Variations]"
Change component parameters (AddParameter): Name = "ComponentLink3URL"; Value = "http://www.onsemi.com/pub_link/Collateral/514AA.PDF"; VariantName = "[No Variations]"
Change component parameters (AddParameter): Name = "DatasheetVersion"; Value = "Rev. 7"; VariantName = "[No Variations]"
Change component parameters (AddParameter): Name = "Direction"; Value = "Unidirectional"; VariantName = "[No Variations]"
Change component parameters (AddParameter): Name = "IR Max (uA)"; Value = "2.5"; VariantName = "[No Variations]"
Change component parameters (AddParameter): Name = "JLC Footprint"; Value = "SOD-923"; VariantName = "[No Variations]"
Change component parameters (AddParameter): Name = "JLCPCB Part #"; Value = "C130456"; VariantName = "[No Variations]"
Change component parameters (AddParameter): Name = "Manufacturer"; Value = "On Semiconductor"; VariantName = "[No Variations]"
Change component parameters (AddParameter): Name = "Manufacturer Part Number"; Value = "ESD9X3.3ST5G"; VariantName = "[No Variations]"
Change component parameters (AddParameter): Name = "MFG Name"; Value = "ON Semiconductor"; VariantName = "[No Variations]"
Change component parameters (AddParameter): Name = "MFG Part Number"; Value = "ESD9X3.3ST5G"; VariantName = "[No Variations]"
Change component parameters (AddParameter): Name = "Mounting Technology"; Value = "Surface Mount"; VariantName = "[No Variations]"
Change component parameters (AddParameter): Name = "Number of Lines"; Value = "1"; VariantName = "[No Variations]"
Change component parameters (AddParameter): Name = "PackageDescription"; Value = "2-Pin SOD, Body 0.8 x 0.6 mm"; VariantName = "[No Variations]"
Change component parameters (AddParameter): Name = "PackageReference"; Value = "SOD-923-2-514AA-01"; VariantName = "[No Variations]"
Change component parameters (AddParameter): Name = "PackageVersion"; Value = "Rev. E, 03/2011"; VariantName = "[No Variations]"
Change component parameters (AddParameter): Name = "Packing"; Value = "Tape and Reel"; VariantName = "[No Variations]"
Change component parameters (AddParameter): Name = "PartNumber"; Value = "ESD9X3.3ST5G"; VariantName = "[No Variations]"
Change component parameters (AddParameter): Name = "RoHS"; Value = "Pb-Free"; VariantName = "[No Variations]"
Change component parameters (AddParameter): Name = "Supplier 1"; Value = "Farnell"; VariantName = "[No Variations]"
Change component parameters (AddParameter): Name = "Supplier 2"; Value = "Mouser"; VariantName = "[No Variations]"
Change component parameters (AddParameter): Name = "Supplier 3"; Value = "LCSC"; VariantName = "[No Variations]"
Change component parameters (AddParameter): Name = "Supplier Part Number 1"; Value = "2627963"; VariantName = "[No Variations]"
Change component parameters (AddParameter): Name = "Supplier Part Number 2"; Value = "863-ESD9X3.3ST5G"; VariantName = "[No Variations]"
Change component parameters (AddParameter): Name = "Supplier Part Number 3"; Value = "C130456"; VariantName = "[No Variations]"
Change component parameters (AddParameter): Name = "V(BR) Min (V)"; Value = "5"; VariantName = "[No Variations]"
Change component parameters (AddParameter): Name = "Value"; Value = "3V3 TVS "; VariantName = "[No Variations]"
Change component parameters (AddParameter): Name = "VRWM Max (V)"; Value = "3.3"; VariantName = "[No Variations]"
Change component parameters: Designator = "D6" ("D6"); Footprint = "ONSC-SOD-923-2-514AA-01_V"; UniqueID = "\SBWJNWIQ" ("\SBWJNWIQ")
Change component parameters (AddParameter): Name = "ComponentLink1Description"; Value = "Manufacturer URL"; VariantName = "[No Variations]"
Change component parameters (AddParameter): Name = "ComponentLink1URL"; Value = "http://www.onsemi.com/"; VariantName = "[No Variations]"
Change component parameters (AddParameter): Name = "ComponentLink2Description"; Value = "Datasheet"; VariantName = "[No Variations]"
Change component parameters (AddParameter): Name = "ComponentLink2URL"; Value = "http://www.onsemi.cn/pub_link/Collateral/ESD9X3.3ST5G-D.PDF"; VariantName = "[No Variations]"
Change component parameters (AddParameter): Name = "ComponentLink3Description"; Value = "Package Specification"; VariantName = "[No Variations]"
Change component parameters (AddParameter): Name = "ComponentLink3URL"; Value = "http://www.onsemi.com/pub_link/Collateral/514AA.PDF"; VariantName = "[No Variations]"
Change component parameters (AddParameter): Name = "DatasheetVersion"; Value = "Rev. 7"; VariantName = "[No Variations]"
Change component parameters (AddParameter): Name = "Direction"; Value = "Unidirectional"; VariantName = "[No Variations]"
Change component parameters (AddParameter): Name = "IR Max (uA)"; Value = "2.5"; VariantName = "[No Variations]"
Change component parameters (AddParameter): Name = "JLC Footprint"; Value = "SOD-923"; VariantName = "[No Variations]"
Change component parameters (AddParameter): Name = "JLCPCB Part #"; Value = "C130456"; VariantName = "[No Variations]"
Change component parameters (AddParameter): Name = "Manufacturer"; Value = "On Semiconductor"; VariantName = "[No Variations]"
Change component parameters (AddParameter): Name = "Manufacturer Part Number"; Value = "ESD9X3.3ST5G"; VariantName = "[No Variations]"
Change component parameters (AddParameter): Name = "MFG Name"; Value = "ON Semiconductor"; VariantName = "[No Variations]"
Change component parameters (AddParameter): Name = "MFG Part Number"; Value = "ESD9X3.3ST5G"; VariantName = "[No Variations]"
Change component parameters (AddParameter): Name = "Mounting Technology"; Value = "Surface Mount"; VariantName = "[No Variations]"
Change component parameters (AddParameter): Name = "Number of Lines"; Value = "1"; VariantName = "[No Variations]"
Change component parameters (AddParameter): Name = "PackageDescription"; Value = "2-Pin SOD, Body 0.8 x 0.6 mm"; VariantName = "[No Variations]"
Change component parameters (AddParameter): Name = "PackageReference"; Value = "SOD-923-2-514AA-01"; VariantName = "[No Variations]"
Change component parameters (AddParameter): Name = "PackageVersion"; Value = "Rev. E, 03/2011"; VariantName = "[No Variations]"
Change component parameters (AddParameter): Name = "Packing"; Value = "Tape and Reel"; VariantName = "[No Variations]"
Change component parameters (AddParameter): Name = "PartNumber"; Value = "ESD9X3.3ST5G"; VariantName = "[No Variations]"
Change component parameters (AddParameter): Name = "RoHS"; Value = "Pb-Free"; VariantName = "[No Variations]"
Change component parameters (AddParameter): Name = "Supplier 1"; Value = "Farnell"; VariantName = "[No Variations]"
Change component parameters (AddParameter): Name = "Supplier 2"; Value = "Mouser"; VariantName = "[No Variations]"
Change component parameters (AddParameter): Name = "Supplier 3"; Value = "LCSC"; VariantName = "[No Variations]"
Change component parameters (AddParameter): Name = "Supplier Part Number 1"; Value = "2627963"; VariantName = "[No Variations]"
Change component parameters (AddParameter): Name = "Supplier Part Number 2"; Value = "863-ESD9X3.3ST5G"; VariantName = "[No Variations]"
Change component parameters (AddParameter): Name = "Supplier Part Number 3"; Value = "C130456"; VariantName = "[No Variations]"
Change component parameters (AddParameter): Name = "V(BR) Min (V)"; Value = "5"; VariantName = "[No Variations]"
Change component parameters (AddParameter): Name = "Value"; Value = "3V3 TVS "; VariantName = "[No Variations]"
Change component parameters (AddParameter): Name = "VRWM Max (V)"; Value = "3.3"; VariantName = "[No Variations]"
Change component parameters: Designator = "D?" ("D?"); Footprint = "ONSC-SOD-923-2-514AA-01_V"; UniqueID = "\RVAREORV" ("\RVAREORV")
Change component parameters (AddParameter): Name = "ComponentLink1Description"; Value = "Manufacturer URL"; VariantName = "[No Variations]"
Change component parameters (AddParameter): Name = "ComponentLink1URL"; Value = "http://www.onsemi.com/"; VariantName = "[No Variations]"
Change component parameters (AddParameter): Name = "ComponentLink2Description"; Value = "Datasheet"; VariantName = "[No Variations]"
Change component parameters (AddParameter): Name = "ComponentLink2URL"; Value = "http://www.onsemi.cn/pub_link/Collateral/ESD9X3.3ST5G-D.PDF"; VariantName = "[No Variations]"
Change component parameters (AddParameter): Name = "ComponentLink3Description"; Value = "Package Specification"; VariantName = "[No Variations]"
Change component parameters (AddParameter): Name = "ComponentLink3URL"; Value = "http://www.onsemi.com/pub_link/Collateral/514AA.PDF"; VariantName = "[No Variations]"
Change component parameters (AddParameter): Name = "DatasheetVersion"; Value = "Rev. 7"; VariantName = "[No Variations]"
Change component parameters (AddParameter): Name = "Direction"; Value = "Unidirectional"; VariantName = "[No Variations]"
Change component parameters (AddParameter): Name = "IR Max (uA)"; Value = "2.5"; VariantName = "[No Variations]"
Change component parameters (AddParameter): Name = "JLC Footprint"; Value = "SOD-923"; VariantName = "[No Variations]"
Change component parameters (AddParameter): Name = "JLCPCB Part #"; Value = "C130456"; VariantName = "[No Variations]"
Change component parameters (AddParameter): Name = "Manufacturer"; Value = "On Semiconductor"; VariantName = "[No Variations]"
Change component parameters (AddParameter): Name = "Manufacturer Part Number"; Value = "ESD9X3.3ST5G"; VariantName = "[No Variations]"
Change component parameters (AddParameter): Name = "MFG Name"; Value = "ON Semiconductor"; VariantName = "[No Variations]"
Change component parameters (AddParameter): Name = "MFG Part Number"; Value = "ESD9X3.3ST5G"; VariantName = "[No Variations]"
Change component parameters (AddParameter): Name = "Mounting Technology"; Value = "Surface Mount"; VariantName = "[No Variations]"
Change component parameters (AddParameter): Name = "Number of Lines"; Value = "1"; VariantName = "[No Variations]"
Change component parameters (AddParameter): Name = "PackageDescription"; Value = "2-Pin SOD, Body 0.8 x 0.6 mm"; VariantName = "[No Variations]"
Change component parameters (AddParameter): Name = "PackageReference"; Value = "SOD-923-2-514AA-01"; VariantName = "[No Variations]"
Change component parameters (AddParameter): Name = "PackageVersion"; Value = "Rev. E, 03/2011"; VariantName = "[No Variations]"
Change component parameters (AddParameter): Name = "Packing"; Value = "Tape and Reel"; VariantName = "[No Variations]"
Change component parameters (AddParameter): Name = "PartNumber"; Value = "ESD9X3.3ST5G"; VariantName = "[No Variations]"
Change component parameters (AddParameter): Name = "RoHS"; Value = "Pb-Free"; VariantName = "[No Variations]"
Change component parameters (AddParameter): Name = "Supplier 1"; Value = "Farnell"; VariantName = "[No Variations]"
Change component parameters (AddParameter): Name = "Supplier 2"; Value = "Mouser"; VariantName = "[No Variations]"
Change component parameters (AddParameter): Name = "Supplier 3"; Value = "LCSC"; VariantName = "[No Variations]"
Change component parameters (AddParameter): Name = "Supplier Part Number 1"; Value = "2627963"; VariantName = "[No Variations]"
Change component parameters (AddParameter): Name = "Supplier Part Number 2"; Value = "863-ESD9X3.3ST5G"; VariantName = "[No Variations]"
Change component parameters (AddParameter): Name = "Supplier Part Number 3"; Value = "C130456"; VariantName = "[No Variations]"
Change component parameters (AddParameter): Name = "V(BR) Min (V)"; Value = "5"; VariantName = "[No Variations]"
Change component parameters (AddParameter): Name = "Value"; Value = "3V3 TVS "; VariantName = "[No Variations]"
Change component parameters (AddParameter): Name = "VRWM Max (V)"; Value = "3.3"; VariantName = "[No Variations]"
Change component parameters: Designator = "IC1" ("IC1"); Footprint = "BG96MA"; UniqueID = "\DELWFQTC" ("\DELWFQTC")
Change component parameters (AddParameter): Name = "Arrow Part Number"; Value = ""; VariantName = "[No Variations]"
Change component parameters (AddParameter): Name = "Arrow Price/Stock"; Value = ""; VariantName = "[No Variations]"
Change component parameters (AddParameter): Name = "Datasheet Link"; Value = "http://www.quectel.com/product/bg96.htm"; VariantName = "[No Variations]"
Change component parameters (AddParameter): Name = "Height"; Value = "2mm"; VariantName = "[No Variations]"
Change component parameters (AddParameter): Name = "JLC Footprint"; Value = "Not available with JLC"; VariantName = "[No Variations]"
Change component parameters (AddParameter): Name = "JLCPCB Part #"; Value = "Not available with JLC"; VariantName = "[No Variations]"
Change component parameters (AddParameter): Name = "Manufacturer_Name"; Value = "Quectel"; VariantName = "[No Variations]"
Change component parameters (AddParameter): Name = "Manufacturer_Part_Number"; Value = "BG96MA"; VariantName = "[No Variations]"
Change component parameters (AddParameter): Name = "MFG Name"; Value = "Quectel"; VariantName = "[No Variations]"
Change component parameters (AddParameter): Name = "MFG Part Number"; Value = "BG96MA"; VariantName = "[No Variations]"
Change component parameters (AddParameter): Name = "Mouser Part Number"; Value = ""; VariantName = "[No Variations]"
Change component parameters (AddParameter): Name = "Mouser Price/Stock"; Value = ""; VariantName = "[No Variations]"
Change component parameters (AddParameter): Name = "Supplier 1"; Value = "Digi-Key"; VariantName = "[No Variations]"
Change component parameters (AddParameter): Name = "Supplier 2"; Value = "Mouser"; VariantName = "[No Variations]"
Change component parameters (AddParameter): Name = "Supplier Part Number 1"; Value = "2958-BG96MA-128-SGNTR-ND"; VariantName = "[No Variations]"
Change component parameters (AddParameter): Name = "Supplier Part Number 2"; Value = "277-BG96MA-128-SGN"; VariantName = "[No Variations]"
Added Component: Designator=D9(ONSC-SOD-923-2-514AA-01_V)
Add component (AddParameter): Name = "C Max (pF)"; Value = "0.9"; VariantName = "[No Variations]"
Add component (AddParameter): Name = "ComponentLink1Description"; Value = "Manufacturer URL"; VariantName = "[No Variations]"
Add component (AddParameter): Name = "ComponentLink1URL"; Value = "http://www.onsemi.com/"; VariantName = "[No Variations]"
Add component (AddParameter): Name = "ComponentLink2Description"; Value = "Datasheet"; VariantName = "[No Variations]"
Add component (AddParameter): Name = "ComponentLink2URL"; Value = "http://www.onsemi.cn/pub_link/Collateral/ESD9L-D.PDF"; VariantName = "[No Variations]"
Add component (AddParameter): Name = "ComponentLink3Description"; Value = "Package Specification"; VariantName = "[No Variations]"
Add component (AddParameter): Name = "ComponentLink3URL"; Value = "http://www.onsemi.com/pub_link/Collateral/514AB.PDF"; VariantName = "[No Variations]"
Add component (AddParameter): Name = "DatasheetVersion"; Value = "Rev. 5"; VariantName = "[No Variations]"
Add component (AddParameter): Name = "Direction"; Value = "Unidirectional"; VariantName = "[No Variations]"
Add component (AddParameter): Name = "IR Max (uA)"; Value = "1"; VariantName = "[No Variations]"
Add component (AddParameter): Name = "JLC Footprint"; Value = "SOD-923"; VariantName = "[No Variations]"
Add component (AddParameter): Name = "JLCPCB Part #"; Value = "C82326"; VariantName = "[No Variations]"
Add component (AddParameter): Name = "Manufacturer"; Value = "ON Semiconductor"; VariantName = "[No Variations]"
Add component (AddParameter): Name = "Manufacturer Part Number"; Value = "ESD9L5.0ST5G"; VariantName = "[No Variations]"
Add component (AddParameter): Name = "Manufacturer_Name"; Value = "On Semiconductor"; VariantName = "[No Variations]"
Add component (AddParameter): Name = "Manufacturer_Part_Number"; Value = "ESD9L5.0ST5G"; VariantName = "[No Variations]"
Add component (AddParameter): Name = "MFG Name"; Value = "onsemi"; VariantName = "[No Variations]"
Add component (AddParameter): Name = "MFG Part Number"; Value = "ESD9L5.0ST5G"; VariantName = "[No Variations]"
Add component (AddParameter): Name = "Mounting Technology"; Value = "Surface Mount"; VariantName = "[No Variations]"
Add component (AddParameter): Name = "Number of Lines"; Value = "1"; VariantName = "[No Variations]"
Add component (AddParameter): Name = "PackageDescription"; Value = "2-Pin SOD, Body 0.8 x 0.6 mm"; VariantName = "[No Variations]"
Add component (AddParameter): Name = "PackageReference"; Value = "SOD-923-2-514AB-01"; VariantName = "[No Variations]"
Add component (AddParameter): Name = "PackageVersion"; Value = "Rev. C, 03/2011"; VariantName = "[No Variations]"
Add component (AddParameter): Name = "Packing"; Value = "Tape and Reel"; VariantName = "[No Variations]"
Add component (AddParameter): Name = "PartNumber"; Value = "ESD9L5.0ST5G"; VariantName = "[No Variations]"
Add component (AddParameter): Name = "RoHS"; Value = "Pb-Free"; VariantName = "[No Variations]"
Add component (AddParameter): Name = "Supplier 1"; Value = "Digi-Key"; VariantName = "[No Variations]"
Add component (AddParameter): Name = "Supplier 2"; Value = "Mouser"; VariantName = "[No Variations]"
Add component (AddParameter): Name = "Supplier 3"; Value = "LCSC"; VariantName = "[No Variations]"
Add component (AddParameter): Name = "Supplier Part Number 1"; Value = "ESD9L5.0ST5GOSCT-ND"; VariantName = "[No Variations]"
Add component (AddParameter): Name = "Supplier Part Number 2"; Value = "863-ESD9L5.0ST5G"; VariantName = "[No Variations]"
Add component (AddParameter): Name = "Supplier Part Number 3"; Value = "C82326"; VariantName = "[No Variations]"
Add component (AddParameter): Name = "V(BR) Min (V)"; Value = "5.4"; VariantName = "[No Variations]"
Add component (AddParameter): Name = "Value"; Value = "5V TVS"; VariantName = "[No Variations]"
Add component (AddParameter): Name = "VRWM Max (V)"; Value = "5"; VariantName = "[No Variations]"
Added Component: Designator=D10(ONSC-SOD-923-2-514AA-01_V)
Add component (AddParameter): Name = "C Max (pF)"; Value = "0.9"; VariantName = "[No Variations]"
Add component (AddParameter): Name = "ComponentLink1Description"; Value = "Manufacturer URL"; VariantName = "[No Variations]"
Add component (AddParameter): Name = "ComponentLink1URL"; Value = "http://www.onsemi.com/"; VariantName = "[No Variations]"
Add component (AddParameter): Name = "ComponentLink2Description"; Value = "Datasheet"; VariantName = "[No Variations]"
Add component (AddParameter): Name = "ComponentLink2URL"; Value = "http://www.onsemi.cn/pub_link/Collateral/ESD9L-D.PDF"; VariantName = "[No Variations]"
Add component (AddParameter): Name = "ComponentLink3Description"; Value = "Package Specification"; VariantName = "[No Variations]"
Add component (AddParameter): Name = "ComponentLink3URL"; Value = "http://www.onsemi.com/pub_link/Collateral/514AB.PDF"; VariantName = "[No Variations]"
Add component (AddParameter): Name = "DatasheetVersion"; Value = "Rev. 5"; VariantName = "[No Variations]"
Add component (AddParameter): Name = "Direction"; Value = "Unidirectional"; VariantName = "[No Variations]"
Add component (AddParameter): Name = "IR Max (uA)"; Value = "1"; VariantName = "[No Variations]"
Add component (AddParameter): Name = "JLC Footprint"; Value = "SOD-923"; VariantName = "[No Variations]"
Add component (AddParameter): Name = "JLCPCB Part #"; Value = "C82326"; VariantName = "[No Variations]"
Add component (AddParameter): Name = "Manufacturer"; Value = "ON Semiconductor"; VariantName = "[No Variations]"
Add component (AddParameter): Name = "Manufacturer Part Number"; Value = "ESD9L5.0ST5G"; VariantName = "[No Variations]"
Add component (AddParameter): Name = "Manufacturer_Name"; Value = "On Semiconductor"; VariantName = "[No Variations]"
Add component (AddParameter): Name = "Manufacturer_Part_Number"; Value = "ESD9L5.0ST5G"; VariantName = "[No Variations]"
Add component (AddParameter): Name = "MFG Name"; Value = "onsemi"; VariantName = "[No Variations]"
Add component (AddParameter): Name = "MFG Part Number"; Value = "ESD9L5.0ST5G"; VariantName = "[No Variations]"
Add component (AddParameter): Name = "Mounting Technology"; Value = "Surface Mount"; VariantName = "[No Variations]"
Add component (AddParameter): Name = "Number of Lines"; Value = "1"; VariantName = "[No Variations]"
Add component (AddParameter): Name = "PackageDescription"; Value = "2-Pin SOD, Body 0.8 x 0.6 mm"; VariantName = "[No Variations]"
Add component (AddParameter): Name = "PackageReference"; Value = "SOD-923-2-514AB-01"; VariantName = "[No Variations]"
Add component (AddParameter): Name = "PackageVersion"; Value = "Rev. C, 03/2011"; VariantName = "[No Variations]"
Add component (AddParameter): Name = "Packing"; Value = "Tape and Reel"; VariantName = "[No Variations]"
Add component (AddParameter): Name = "PartNumber"; Value = "ESD9L5.0ST5G"; VariantName = "[No Variations]"
Add component (AddParameter): Name = "RoHS"; Value = "Pb-Free"; VariantName = "[No Variations]"
Add component (AddParameter): Name = "Supplier 1"; Value = "Digi-Key"; VariantName = "[No Variations]"
Add component (AddParameter): Name = "Supplier 2"; Value = "Mouser"; VariantName = "[No Variations]"
Add component (AddParameter): Name = "Supplier 3"; Value = "LCSC"; VariantName = "[No Variations]"
Add component (AddParameter): Name = "Supplier Part Number 1"; Value = "ESD9L5.0ST5GOSCT-ND"; VariantName = "[No Variations]"
Add component (AddParameter): Name = "Supplier Part Number 2"; Value = "863-ESD9L5.0ST5G"; VariantName = "[No Variations]"
Add component (AddParameter): Name = "Supplier Part Number 3"; Value = "C82326"; VariantName = "[No Variations]"
Add component (AddParameter): Name = "V(BR) Min (V)"; Value = "5.4"; VariantName = "[No Variations]"
Add component (AddParameter): Name = "Value"; Value = "5V TVS"; VariantName = "[No Variations]"
Add component (AddParameter): Name = "VRWM Max (V)"; Value = "5"; VariantName = "[No Variations]"
Added Component: Designator=D11(ONSC-SOD-923-2-514AA-01_V)
Add component (AddParameter): Name = "C Max (pF)"; Value = "0.9"; VariantName = "[No Variations]"
Add component (AddParameter): Name = "ComponentLink1Description"; Value = "Manufacturer URL"; VariantName = "[No Variations]"
Add component (AddParameter): Name = "ComponentLink1URL"; Value = "http://www.onsemi.com/"; VariantName = "[No Variations]"
Add component (AddParameter): Name = "ComponentLink2Description"; Value = "Datasheet"; VariantName = "[No Variations]"
Add component (AddParameter): Name = "ComponentLink2URL"; Value = "http://www.onsemi.cn/pub_link/Collateral/ESD9L-D.PDF"; VariantName = "[No Variations]"
Add component (AddParameter): Name = "ComponentLink3Description"; Value = "Package Specification"; VariantName = "[No Variations]"
Add component (AddParameter): Name = "ComponentLink3URL"; Value = "http://www.onsemi.com/pub_link/Collateral/514AB.PDF"; VariantName = "[No Variations]"
Add component (AddParameter): Name = "DatasheetVersion"; Value = "Rev. 5"; VariantName = "[No Variations]"
Add component (AddParameter): Name = "Direction"; Value = "Unidirectional"; VariantName = "[No Variations]"
Add component (AddParameter): Name = "IR Max (uA)"; Value = "1"; VariantName = "[No Variations]"
Add component (AddParameter): Name = "JLC Footprint"; Value = "SOD-923"; VariantName = "[No Variations]"
Add component (AddParameter): Name = "JLCPCB Part #"; Value = "C82326"; VariantName = "[No Variations]"
Add component (AddParameter): Name = "Manufacturer"; Value = "ON Semiconductor"; VariantName = "[No Variations]"
Add component (AddParameter): Name = "Manufacturer Part Number"; Value = "ESD9L5.0ST5G"; VariantName = "[No Variations]"
Add component (AddParameter): Name = "Manufacturer_Name"; Value = "On Semiconductor"; VariantName = "[No Variations]"
Add component (AddParameter): Name = "Manufacturer_Part_Number"; Value = "ESD9L5.0ST5G"; VariantName = "[No Variations]"
Add component (AddParameter): Name = "MFG Name"; Value = "onsemi"; VariantName = "[No Variations]"
Add component (AddParameter): Name = "MFG Part Number"; Value = "ESD9L5.0ST5G"; VariantName = "[No Variations]"
Add component (AddParameter): Name = "Mounting Technology"; Value = "Surface Mount"; VariantName = "[No Variations]"
Add component (AddParameter): Name = "Number of Lines"; Value = "1"; VariantName = "[No Variations]"
Add component (AddParameter): Name = "PackageDescription"; Value = "2-Pin SOD, Body 0.8 x 0.6 mm"; VariantName = "[No Variations]"
Add component (AddParameter): Name = "PackageReference"; Value = "SOD-923-2-514AB-01"; VariantName = "[No Variations]"
Add component (AddParameter): Name = "PackageVersion"; Value = "Rev. C, 03/2011"; VariantName = "[No Variations]"
Add component (AddParameter): Name = "Packing"; Value = "Tape and Reel"; VariantName = "[No Variations]"
Add component (AddParameter): Name = "PartNumber"; Value = "ESD9L5.0ST5G"; VariantName = "[No Variations]"
Add component (AddParameter): Name = "RoHS"; Value = "Pb-Free"; VariantName = "[No Variations]"
Add component (AddParameter): Name = "Supplier 1"; Value = "Digi-Key"; VariantName = "[No Variations]"
Add component (AddParameter): Name = "Supplier 2"; Value = "Mouser"; VariantName = "[No Variations]"
Add component (AddParameter): Name = "Supplier 3"; Value = "LCSC"; VariantName = "[No Variations]"
Add component (AddParameter): Name = "Supplier Part Number 1"; Value = "ESD9L5.0ST5GOSCT-ND"; VariantName = "[No Variations]"
Add component (AddParameter): Name = "Supplier Part Number 2"; Value = "863-ESD9L5.0ST5G"; VariantName = "[No Variations]"
Add component (AddParameter): Name = "Supplier Part Number 3"; Value = "C82326"; VariantName = "[No Variations]"
Add component (AddParameter): Name = "V(BR) Min (V)"; Value = "5.4"; VariantName = "[No Variations]"
Add component (AddParameter): Name = "Value"; Value = "5V TVS"; VariantName = "[No Variations]"
Add component (AddParameter): Name = "VRWM Max (V)"; Value = "5"; VariantName = "[No Variations]"
Added Component: Designator=D12(ONSC-SOD-923-2-514AA-01_V)
Add component (AddParameter): Name = "C Max (pF)"; Value = "0.9"; VariantName = "[No Variations]"
Add component (AddParameter): Name = "ComponentLink1Description"; Value = "Manufacturer URL"; VariantName = "[No Variations]"
Add component (AddParameter): Name = "ComponentLink1URL"; Value = "http://www.onsemi.com/"; VariantName = "[No Variations]"
Add component (AddParameter): Name = "ComponentLink2Description"; Value = "Datasheet"; VariantName = "[No Variations]"
Add component (AddParameter): Name = "ComponentLink2URL"; Value = "http://www.onsemi.cn/pub_link/Collateral/ESD9L-D.PDF"; VariantName = "[No Variations]"
Add component (AddParameter): Name = "ComponentLink3Description"; Value = "Package Specification"; VariantName = "[No Variations]"
Add component (AddParameter): Name = "ComponentLink3URL"; Value = "http://www.onsemi.com/pub_link/Collateral/514AB.PDF"; VariantName = "[No Variations]"
Add component (AddParameter): Name = "DatasheetVersion"; Value = "Rev. 5"; VariantName = "[No Variations]"
Add component (AddParameter): Name = "Direction"; Value = "Unidirectional"; VariantName = "[No Variations]"
Add component (AddParameter): Name = "IR Max (uA)"; Value = "1"; VariantName = "[No Variations]"
Add component (AddParameter): Name = "JLC Footprint"; Value = "SOD-923"; VariantName = "[No Variations]"
Add component (AddParameter): Name = "JLCPCB Part #"; Value = "C82326"; VariantName = "[No Variations]"
Add component (AddParameter): Name = "Manufacturer"; Value = "ON Semiconductor"; VariantName = "[No Variations]"
Add component (AddParameter): Name = "Manufacturer Part Number"; Value = "ESD9L5.0ST5G"; VariantName = "[No Variations]"
Add component (AddParameter): Name = "Manufacturer_Name"; Value = "On Semiconductor"; VariantName = "[No Variations]"
Add component (AddParameter): Name = "Manufacturer_Part_Number"; Value = "ESD9L5.0ST5G"; VariantName = "[No Variations]"
Add component (AddParameter): Name = "MFG Name"; Value = "onsemi"; VariantName = "[No Variations]"
Add component (AddParameter): Name = "MFG Part Number"; Value = "ESD9L5.0ST5G"; VariantName = "[No Variations]"
Add component (AddParameter): Name = "Mounting Technology"; Value = "Surface Mount"; VariantName = "[No Variations]"
Add component (AddParameter): Name = "Number of Lines"; Value = "1"; VariantName = "[No Variations]"
Add component (AddParameter): Name = "PackageDescription"; Value = "2-Pin SOD, Body 0.8 x 0.6 mm"; VariantName = "[No Variations]"
Add component (AddParameter): Name = "PackageReference"; Value = "SOD-923-2-514AB-01"; VariantName = "[No Variations]"
Add component (AddParameter): Name = "PackageVersion"; Value = "Rev. C, 03/2011"; VariantName = "[No Variations]"
Add component (AddParameter): Name = "Packing"; Value = "Tape and Reel"; VariantName = "[No Variations]"
Add component (AddParameter): Name = "PartNumber"; Value = "ESD9L5.0ST5G"; VariantName = "[No Variations]"
Add component (AddParameter): Name = "RoHS"; Value = "Pb-Free"; VariantName = "[No Variations]"
Add component (AddParameter): Name = "Supplier 1"; Value = "Digi-Key"; VariantName = "[No Variations]"
Add component (AddParameter): Name = "Supplier 2"; Value = "Mouser"; VariantName = "[No Variations]"
Add component (AddParameter): Name = "Supplier 3"; Value = "LCSC"; VariantName = "[No Variations]"
Add component (AddParameter): Name = "Supplier Part Number 1"; Value = "ESD9L5.0ST5GOSCT-ND"; VariantName = "[No Variations]"
Add component (AddParameter): Name = "Supplier Part Number 2"; Value = "863-ESD9L5.0ST5G"; VariantName = "[No Variations]"
Add component (AddParameter): Name = "Supplier Part Number 3"; Value = "C82326"; VariantName = "[No Variations]"
Add component (AddParameter): Name = "V(BR) Min (V)"; Value = "5.4"; VariantName = "[No Variations]"
Add component (AddParameter): Name = "Value"; Value = "5V TVS"; VariantName = "[No Variations]"
Add component (AddParameter): Name = "VRWM Max (V)"; Value = "5"; VariantName = "[No Variations]"
Added Component: Designator=R15(FP-CRCW0402-e3-MFG)
Add component (AddParameter): Name = "Case Code (Imperial)"; Value = "0402"; VariantName = "[No Variations]"
Add component (AddParameter): Name = "Case Code (Metric)"; Value = "1005"; VariantName = "[No Variations]"
Add component (AddParameter): Name = "Case/Package"; Value = "0402"; VariantName = "[No Variations]"
Add component (AddParameter): Name = "Composition"; Value = "Thick Film"; VariantName = "[No Variations]"
Add component (AddParameter): Name = "Contact Plating"; Value = "Tin"; VariantName = "[No Variations]"
Add component (AddParameter): Name = "Depth"; Value = "0.5mm"; VariantName = "[No Variations]"
Add component (AddParameter): Name = "Features"; Value = "Automotive AEC-Q200"; VariantName = "[No Variations]"
Add component (AddParameter): Name = "Height"; Value = "0.35mm"; VariantName = "[No Variations]"
Add component (AddParameter): Name = "JLC Footprint"; Value = "R0402"; VariantName = "[No Variations]"
Add component (AddParameter): Name = "JLCPCB Part #"; Value = "Not available with JLC"; VariantName = "[No Variations]"
Add component (AddParameter): Name = "Lead Free"; Value = "Lead Free"; VariantName = "[No Variations]"
Add component (AddParameter): Name = "Length"; Value = "1mm"; VariantName = "[No Variations]"
Add component (AddParameter): Name = "Manufacturer"; Value = "Vishay Dale"; VariantName = "[No Variations]"
Add component (AddParameter): Name = "Manufacturer Part Number"; Value = "CRCW04021K00FKED"; VariantName = "[No Variations]"
Add component (AddParameter): Name = "Max Operating Temperature"; Value = "155°C"; VariantName = "[No Variations]"
Add component (AddParameter): Name = "Max Power Dissipation"; Value = "63mW"; VariantName = "[No Variations]"
Add component (AddParameter): Name = "MFG Name"; Value = "Vishay Dale"; VariantName = "[No Variations]"
Add component (AddParameter): Name = "MFG Part Number"; Value = "CRCW04021K00FKED"; VariantName = "[No Variations]"
Add component (AddParameter): Name = "Military Standard"; Value = "Not"; VariantName = "[No Variations]"
Add component (AddParameter): Name = "Min Operating Temperature"; Value = "-55°C"; VariantName = "[No Variations]"
Add component (AddParameter): Name = "Mount"; Value = "Surface Mount"; VariantName = "[No Variations]"
Add component (AddParameter): Name = "Number of Pins"; Value = "2"; VariantName = "[No Variations]"
Add component (AddParameter): Name = "Number of Terminations"; Value = "2"; VariantName = "[No Variations]"
Add component (AddParameter): Name = "Package Quantity"; Value = "10"; VariantName = "[No Variations]"
Add component (AddParameter): Name = "Packaging"; Value = "Tape and Reel"; VariantName = "[No Variations]"
Add component (AddParameter): Name = "Power Rating"; Value = "63mW"; VariantName = "[No Variations]"
Add component (AddParameter): Name = "Radiation Hardening"; Value = "No"; VariantName = "[No Variations]"
Add component (AddParameter): Name = "Resistance"; Value = "22R"; VariantName = "[No Variations]"
Add component (AddParameter): Name = "Supplier 1"; Value = "Mouser"; VariantName = "[No Variations]"
Add component (AddParameter): Name = "Supplier Part Number 1"; Value = "303-0402WGF220JTCE"; VariantName = "[No Variations]"
Add component (AddParameter): Name = "Temperature Coefficient"; Value = "100ppm/°C"; VariantName = "[No Variations]"
Add component (AddParameter): Name = "Termination"; Value = "SMD/SMT"; VariantName = "[No Variations]"
Add component (AddParameter): Name = "Tolerance"; Value = "1%"; VariantName = "[No Variations]"
Add component (AddParameter): Name = "Voltage Rating"; Value = "50V"; VariantName = "[No Variations]"
Add component (AddParameter): Name = "Voltage Rating (DC)"; Value = "50V"; VariantName = "[No Variations]"
Add component (AddParameter): Name = "Weight"; Value = "2.3E-05oz"; VariantName = "[No Variations]"
Add component (AddParameter): Name = "Width"; Value = "0.5mm"; VariantName = "[No Variations]"
Added Component: Designator=R16(FP-CRCW0402-e3-MFG)
Add component (AddParameter): Name = "Case Code (Imperial)"; Value = "0402"; VariantName = "[No Variations]"
Add component (AddParameter): Name = "Case Code (Metric)"; Value = "1005"; VariantName = "[No Variations]"
Add component (AddParameter): Name = "Case/Package"; Value = "0402"; VariantName = "[No Variations]"
Add component (AddParameter): Name = "Composition"; Value = "Thick Film"; VariantName = "[No Variations]"
Add component (AddParameter): Name = "Contact Plating"; Value = "Tin"; VariantName = "[No Variations]"
Add component (AddParameter): Name = "Depth"; Value = "0.5mm"; VariantName = "[No Variations]"
Add component (AddParameter): Name = "Features"; Value = "Automotive AEC-Q200"; VariantName = "[No Variations]"
Add component (AddParameter): Name = "Height"; Value = "0.35mm"; VariantName = "[No Variations]"
Add component (AddParameter): Name = "JLC Footprint"; Value = "R0402"; VariantName = "[No Variations]"
Add component (AddParameter): Name = "JLCPCB Part #"; Value = "Not available with JLC"; VariantName = "[No Variations]"
Add component (AddParameter): Name = "Lead Free"; Value = "Lead Free"; VariantName = "[No Variations]"
Add component (AddParameter): Name = "Length"; Value = "1mm"; VariantName = "[No Variations]"
Add component (AddParameter): Name = "Manufacturer"; Value = "Vishay Dale"; VariantName = "[No Variations]"
Add component (AddParameter): Name = "Manufacturer Part Number"; Value = "CRCW04021K00FKED"; VariantName = "[No Variations]"
Add component (AddParameter): Name = "Max Operating Temperature"; Value = "155°C"; VariantName = "[No Variations]"
Add component (AddParameter): Name = "Max Power Dissipation"; Value = "63mW"; VariantName = "[No Variations]"
Add component (AddParameter): Name = "MFG Name"; Value = "Vishay Dale"; VariantName = "[No Variations]"
Add component (AddParameter): Name = "MFG Part Number"; Value = "CRCW04021K00FKED"; VariantName = "[No Variations]"
Add component (AddParameter): Name = "Military Standard"; Value = "Not"; VariantName = "[No Variations]"
Add component (AddParameter): Name = "Min Operating Temperature"; Value = "-55°C"; VariantName = "[No Variations]"
Add component (AddParameter): Name = "Mount"; Value = "Surface Mount"; VariantName = "[No Variations]"
Add component (AddParameter): Name = "Number of Pins"; Value = "2"; VariantName = "[No Variations]"
Add component (AddParameter): Name = "Number of Terminations"; Value = "2"; VariantName = "[No Variations]"
Add component (AddParameter): Name = "Package Quantity"; Value = "10"; VariantName = "[No Variations]"
Add component (AddParameter): Name = "Packaging"; Value = "Tape and Reel"; VariantName = "[No Variations]"
Add component (AddParameter): Name = "Power Rating"; Value = "63mW"; VariantName = "[No Variations]"
Add component (AddParameter): Name = "Radiation Hardening"; Value = "No"; VariantName = "[No Variations]"
Add component (AddParameter): Name = "Resistance"; Value = "22R"; VariantName = "[No Variations]"
Add component (AddParameter): Name = "Supplier 1"; Value = "Mouser"; VariantName = "[No Variations]"
Add component (AddParameter): Name = "Supplier Part Number 1"; Value = "303-0402WGF220JTCE"; VariantName = "[No Variations]"
Add component (AddParameter): Name = "Temperature Coefficient"; Value = "100ppm/°C"; VariantName = "[No Variations]"
Add component (AddParameter): Name = "Termination"; Value = "SMD/SMT"; VariantName = "[No Variations]"
Add component (AddParameter): Name = "Tolerance"; Value = "1%"; VariantName = "[No Variations]"
Add component (AddParameter): Name = "Voltage Rating"; Value = "50V"; VariantName = "[No Variations]"
Add component (AddParameter): Name = "Voltage Rating (DC)"; Value = "50V"; VariantName = "[No Variations]"
Add component (AddParameter): Name = "Weight"; Value = "2.3E-05oz"; VariantName = "[No Variations]"
Add component (AddParameter): Name = "Width"; Value = "0.5mm"; VariantName = "[No Variations]"
Added Component: Designator=R17(FP-CRCW0402-e3-MFG)
Add component (AddParameter): Name = "Case Code (Imperial)"; Value = "0402"; VariantName = "[No Variations]"
Add component (AddParameter): Name = "Case Code (Metric)"; Value = "1005"; VariantName = "[No Variations]"
Add component (AddParameter): Name = "Case/Package"; Value = "0402"; VariantName = "[No Variations]"
Add component (AddParameter): Name = "Composition"; Value = "Thick Film"; VariantName = "[No Variations]"
Add component (AddParameter): Name = "Contact Plating"; Value = "Tin"; VariantName = "[No Variations]"
Add component (AddParameter): Name = "Depth"; Value = "0.5mm"; VariantName = "[No Variations]"
Add component (AddParameter): Name = "Features"; Value = "Automotive AEC-Q200"; VariantName = "[No Variations]"
Add component (AddParameter): Name = "Height"; Value = "0.35mm"; VariantName = "[No Variations]"
Add component (AddParameter): Name = "JLC Footprint"; Value = "R0402"; VariantName = "[No Variations]"
Add component (AddParameter): Name = "JLCPCB Part #"; Value = "Not available with JLC"; VariantName = "[No Variations]"
Add component (AddParameter): Name = "Lead Free"; Value = "Lead Free"; VariantName = "[No Variations]"
Add component (AddParameter): Name = "Length"; Value = "1mm"; VariantName = "[No Variations]"
Add component (AddParameter): Name = "Manufacturer"; Value = "Vishay Dale"; VariantName = "[No Variations]"
Add component (AddParameter): Name = "Manufacturer Part Number"; Value = "CRCW04021K00FKED"; VariantName = "[No Variations]"
Add component (AddParameter): Name = "Max Operating Temperature"; Value = "155°C"; VariantName = "[No Variations]"
Add component (AddParameter): Name = "Max Power Dissipation"; Value = "63mW"; VariantName = "[No Variations]"
Add component (AddParameter): Name = "MFG Name"; Value = "Vishay Dale"; VariantName = "[No Variations]"
Add component (AddParameter): Name = "MFG Part Number"; Value = "CRCW04021K00FKED"; VariantName = "[No Variations]"
Add component (AddParameter): Name = "Military Standard"; Value = "Not"; VariantName = "[No Variations]"
Add component (AddParameter): Name = "Min Operating Temperature"; Value = "-55°C"; VariantName = "[No Variations]"
Add component (AddParameter): Name = "Mount"; Value = "Surface Mount"; VariantName = "[No Variations]"
Add component (AddParameter): Name = "Number of Pins"; Value = "2"; VariantName = "[No Variations]"
Add component (AddParameter): Name = "Number of Terminations"; Value = "2"; VariantName = "[No Variations]"
Add component (AddParameter): Name = "Package Quantity"; Value = "10"; VariantName = "[No Variations]"
Add component (AddParameter): Name = "Packaging"; Value = "Tape and Reel"; VariantName = "[No Variations]"
Add component (AddParameter): Name = "Power Rating"; Value = "63mW"; VariantName = "[No Variations]"
Add component (AddParameter): Name = "Radiation Hardening"; Value = "No"; VariantName = "[No Variations]"
Add component (AddParameter): Name = "Resistance"; Value = "22R"; VariantName = "[No Variations]"
Add component (AddParameter): Name = "Supplier 1"; Value = "Mouser"; VariantName = "[No Variations]"
Add component (AddParameter): Name = "Supplier Part Number 1"; Value = "303-0402WGF220JTCE"; VariantName = "[No Variations]"
Add component (AddParameter): Name = "Temperature Coefficient"; Value = "100ppm/°C"; VariantName = "[No Variations]"
Add component (AddParameter): Name = "Termination"; Value = "SMD/SMT"; VariantName = "[No Variations]"
Add component (AddParameter): Name = "Tolerance"; Value = "1%"; VariantName = "[No Variations]"
Add component (AddParameter): Name = "Voltage Rating"; Value = "50V"; VariantName = "[No Variations]"
Add component (AddParameter): Name = "Voltage Rating (DC)"; Value = "50V"; VariantName = "[No Variations]"
Add component (AddParameter): Name = "Weight"; Value = "2.3E-05oz"; VariantName = "[No Variations]"
Add component (AddParameter): Name = "Width"; Value = "0.5mm"; VariantName = "[No Variations]"
Added Pin To Net: NetName=USIM_VDD Pin=D9-1
Added Pin To Net: NetName=GND Pin=D9-2
Added Pin To Net: NetName=USIM_DATA Pin=D10-1
Added Pin To Net: NetName=GND Pin=D10-2
Added Pin To Net: NetName=GND Pin=D11-2
Added Pin To Net: NetName=GND Pin=D12-2
Added Pin To Net: NetName=USIM_DATA Pin=R15-2
Change Net Name : Old Net Name=USIM_DATA New Net Name=NetC10_2
Change Net Name : Old Net Name=USIM_VDD New Net Name=NetC9_2
Added Pin To Net: NetName=NetC11_2 Pin=C11-2
Added Pin To Net: NetName=NetC11_2 Pin=D11-1
Added Pin To Net: NetName=NetC11_2 Pin=IC1-46
Added Pin To Net: NetName=NetC11_2 Pin=R16-2
Added Net: Name=NetC11_2
Added Pin To Net: NetName=NetC12_2 Pin=C12-2
Added Pin To Net: NetName=NetC12_2 Pin=D12-1
Added Pin To Net: NetName=NetC12_2 Pin=IC1-44
Added Pin To Net: NetName=NetC12_2 Pin=R17-2
Added Net: Name=NetC12_2
Added Pin To Net: NetName=NetR15_1 Pin=R15-1
Added Pin To Net: NetName=NetR15_1 Pin=U1-3
Added Net: Name=NetR15_1
Added Pin To Net: NetName=NetR16_1 Pin=R16-1
Added Pin To Net: NetName=NetR16_1 Pin=U1-6
Added Net: Name=NetR16_1
Added Pin To Net: NetName=NetR17_1 Pin=R17-1
Added Pin To Net: NetName=NetR17_1 Pin=U1-7
Added Net: Name=NetR17_1
