Removed Parameter Case Code (Imperial):0402 from Part R14
Removed Parameter Case Code (Imperial):0402 from Part R15
Removed Parameter Case Code (Imperial):0402 from Part R16
Removed Parameter Case Code (Imperial):0402 from Part R17
Removed Parameter Case Code (Metric):1005 from Part R14
Removed Parameter Case Code (Metric):1005 from Part R15
Removed Parameter Case Code (Metric):1005 from Part R16
Removed Parameter Case Code (Metric):1005 from Part R17
Removed Parameter C Max (pF):0.9 from Part D9
Removed Parameter C Max (pF):0.9 from Part D10
Removed Parameter C Max (pF):0.9 from Part D11
Removed Parameter C Max (pF):0.9 from Part D12
Removed Parameter Composition:Thick Film from Part R14
Removed Parameter Composition:Thick Film from Part R15
Removed Parameter Composition:Thick Film from Part R16
Removed Parameter Composition:Thick Film from Part R17
Removed Parameter Depth:0.5mm from Part R14
Removed Parameter Depth:0.5mm from Part R15
Removed Parameter Depth:0.5mm from Part R16
Removed Parameter Depth:0.5mm from Part R17
Removed Parameter Features:Automotive AEC-Q200 from Part R14
Removed Parameter Features:Automotive AEC-Q200 from Part R15
Removed Parameter Features:Automotive AEC-Q200 from Part R16
Removed Parameter Features:Automotive AEC-Q200 from Part R17
Removed Parameter Height:0.35mm from Part R14
Removed Parameter Height:0.35mm from Part R15
Removed Parameter Height:0.35mm from Part R16
Removed Parameter Height:0.35mm from Part R17
Removed Parameter IR Max (uA):1 from Part D9
Removed Parameter IR Max (uA):1 from Part D10
Removed Parameter IR Max (uA):1 from Part D11
Removed Parameter IR Max (uA):1 from Part D12
Removed Parameter Lead Free:Lead Free from Part R14
Removed Parameter Lead Free:Lead Free from Part R15
Removed Parameter Lead Free:Lead Free from Part R16
Removed Parameter Lead Free:Lead Free from Part R17
Removed Parameter Length:1mm from Part R14
Removed Parameter Length:1mm from Part R15
Removed Parameter Length:1mm from Part R16
Removed Parameter Length:1mm from Part R17
Removed Parameter Manufacturer_Name:On Semiconductor from Part D9
Removed Parameter Manufacturer_Name:On Semiconductor from Part D10
Removed Parameter Manufacturer_Name:On Semiconductor from Part D11
Removed Parameter Manufacturer_Name:On Semiconductor from Part D12
Removed Parameter Manufacturer_Part_Number:ESD9L5.0ST5G from Part D9
Removed Parameter Manufacturer_Part_Number:ESD9L5.0ST5G from Part D10
Removed Parameter Manufacturer_Part_Number:ESD9L5.0ST5G from Part D11
Removed Parameter Manufacturer_Part_Number:ESD9L5.0ST5G from Part D12
Removed Parameter Max Operating Temperature:155°C from Part R14
Removed Parameter Max Operating Temperature:155°C from Part R15
Removed Parameter Max Operating Temperature:155°C from Part R16
Removed Parameter Max Operating Temperature:155°C from Part R17
Removed Parameter Max Power Dissipation:63mW from Part R14
Removed Parameter Max Power Dissipation:63mW from Part R15
Removed Parameter Max Power Dissipation:63mW from Part R16
Removed Parameter Max Power Dissipation:63mW from Part R17
Removed Parameter MFG Name:Arkessa from Part U1
Removed Parameter MFG Name:Murata from Part C9
Removed Parameter MFG Name:Murata from Part C10
Removed Parameter MFG Name:Murata from Part C11
Removed Parameter MFG Name:Murata from Part C12
Removed Parameter MFG Name:onsemi from Part D9
Removed Parameter MFG Name:onsemi from Part D10
Removed Parameter MFG Name:onsemi from Part D11
Removed Parameter MFG Name:onsemi from Part D12
Removed Parameter MFG Name:Vishay Dale from Part R14
Removed Parameter MFG Name:Vishay Dale from Part R15
Removed Parameter MFG Name:Vishay Dale from Part R16
Removed Parameter MFG Name:Vishay Dale from Part R17
Removed Parameter MFG Part Number:Arkessa LP MFF2 from Part U1
Removed Parameter MFG Part Number:CRCW04021K00FKED from Part R14
Removed Parameter MFG Part Number:CRCW04021K00FKED from Part R15
Removed Parameter MFG Part Number:CRCW04021K00FKED from Part R16
Removed Parameter MFG Part Number:CRCW04021K00FKED from Part R17
Removed Parameter MFG Part Number:ESD9L5.0ST5G from Part D9
Removed Parameter MFG Part Number:ESD9L5.0ST5G from Part D10
Removed Parameter MFG Part Number:ESD9L5.0ST5G from Part D11
Removed Parameter MFG Part Number:ESD9L5.0ST5G from Part D12
Removed Parameter MFG Part Number:GRM1555C1H6R0CA01D from Part C9
Removed Parameter MFG Part Number:GRM1555C1H6R0CA01D from Part C10
Removed Parameter MFG Part Number:GRM1555C1H6R0CA01D from Part C11
Removed Parameter MFG Part Number:GRM1555C1H6R0CA01D from Part C12
Removed Parameter Military Standard:Not from Part R14
Removed Parameter Military Standard:Not from Part R15
Removed Parameter Military Standard:Not from Part R16
Removed Parameter Military Standard:Not from Part R17
Removed Parameter Min Operating Temperature:-55°C from Part R14
Removed Parameter Min Operating Temperature:-55°C from Part R15
Removed Parameter Min Operating Temperature:-55°C from Part R16
Removed Parameter Min Operating Temperature:-55°C from Part R17
Removed Parameter Mount:Surface Mount from Part R14
Removed Parameter Mount:Surface Mount from Part R15
Removed Parameter Mount:Surface Mount from Part R16
Removed Parameter Mount:Surface Mount from Part R17
Removed Parameter Number of Pins:2 from Part R14
Removed Parameter Number of Pins:2 from Part R15
Removed Parameter Number of Pins:2 from Part R16
Removed Parameter Number of Pins:2 from Part R17
Removed Parameter Number of Terminations:2 from Part R14
Removed Parameter Number of Terminations:2 from Part R15
Removed Parameter Number of Terminations:2 from Part R16
Removed Parameter Number of Terminations:2 from Part R17
Removed Parameter Package Quantity:10 from Part R14
Removed Parameter Package Quantity:10 from Part R15
Removed Parameter Package Quantity:10 from Part R16
Removed Parameter Package Quantity:10 from Part R17
Removed Parameter Packaging:Tape and Reel from Part R14
Removed Parameter Packaging:Tape and Reel from Part R15
Removed Parameter Packaging:Tape and Reel from Part R16
Removed Parameter Packaging:Tape and Reel from Part R17
Removed Parameter Part Number:ESD9L5.0ST5G from Part D9
Removed Parameter Part Number:ESD9L5.0ST5G from Part D10
Removed Parameter Part Number:ESD9L5.0ST5G from Part D11
Removed Parameter Part Number:ESD9L5.0ST5G from Part D12
Removed Parameter Part Number:GRM1555C1H6R0CA01D from Part C9
Removed Parameter Part Number:GRM1555C1H6R0CA01D from Part C10
Removed Parameter Part Number:GRM1555C1H6R0CA01D from Part C11
Removed Parameter Part Number:GRM1555C1H6R0CA01D from Part C12
Removed Parameter Power Rating:63mW from Part R14
Removed Parameter Power Rating:63mW from Part R15
Removed Parameter Power Rating:63mW from Part R16
Removed Parameter Power Rating:63mW from Part R17
Removed Parameter Radiation Hardening:No from Part R14
Removed Parameter Radiation Hardening:No from Part R15
Removed Parameter Radiation Hardening:No from Part R16
Removed Parameter Radiation Hardening:No from Part R17
Removed Parameter Resistance:15k from Part R14
Removed Parameter Resistance:22R from Part R15
Removed Parameter Resistance:22R from Part R16
Removed Parameter Resistance:22R from Part R17
Removed Parameter Temperature Coefficient:100ppm/°C from Part R14
Removed Parameter Temperature Coefficient:100ppm/°C from Part R15
Removed Parameter Temperature Coefficient:100ppm/°C from Part R16
Removed Parameter Temperature Coefficient:100ppm/°C from Part R17
Removed Parameter Termination:SMD/SMT from Part R14
Removed Parameter Termination:SMD/SMT from Part R15
Removed Parameter Termination:SMD/SMT from Part R16
Removed Parameter Termination:SMD/SMT from Part R17
Removed Parameter Tolerance:1% from Part R14
Removed Parameter Tolerance:1% from Part R15
Removed Parameter Tolerance:1% from Part R16
Removed Parameter Tolerance:1% from Part R17
Removed Parameter V(BR) Min (V):5.4 from Part D9
Removed Parameter V(BR) Min (V):5.4 from Part D10
Removed Parameter V(BR) Min (V):5.4 from Part D11
Removed Parameter V(BR) Min (V):5.4 from Part D12
Removed Parameter Value:5V TVS from Part D9
Removed Parameter Value:5V TVS from Part D10
Removed Parameter Value:5V TVS from Part D11
Removed Parameter Value:5V TVS from Part D12
Removed Parameter Value:33pF 50V from Part C10
Removed Parameter Value:33pF 50V from Part C11
Removed Parameter Value:33pF 50V from Part C12
Removed Parameter Value:100nF 50V from Part C9
Removed Parameter Voltage Rating (DC):50V from Part R14
Removed Parameter Voltage Rating (DC):50V from Part R15
Removed Parameter Voltage Rating (DC):50V from Part R16
Removed Parameter Voltage Rating (DC):50V from Part R17
Removed Parameter Voltage Rating:50V from Part R14
Removed Parameter Voltage Rating:50V from Part R15
Removed Parameter Voltage Rating:50V from Part R16
Removed Parameter Voltage Rating:50V from Part R17
Removed Parameter VRWM Max (V):5 from Part D9
Removed Parameter VRWM Max (V):5 from Part D10
Removed Parameter VRWM Max (V):5 from Part D11
Removed Parameter VRWM Max (V):5 from Part D12
Removed Parameter Weight:2.3E-05oz from Part R14
Removed Parameter Weight:2.3E-05oz from Part R15
Removed Parameter Weight:2.3E-05oz from Part R16
Removed Parameter Weight:2.3E-05oz from Part R17
Removed Parameter Width:0.5mm from Part R14
Removed Parameter Width:0.5mm from Part R15
Removed Parameter Width:0.5mm from Part R16
Removed Parameter Width:0.5mm from Part R17
Change Value of Parameter Manufacturer 1 in Part C9 Old=Manufacturer New=Manufacturer 1
Change Value of Parameter Manufacturer Part Number 1 in Part C9 Old=Manufacturer Part Number New=Manufacturer Part Number 1
Change Value of Parameter Manufacturer 1 in Part C10 Old=Manufacturer New=Manufacturer 1
Change Value of Parameter Manufacturer Part Number 1 in Part C10 Old=Manufacturer Part Number New=Manufacturer Part Number 1
Change Value of Parameter Manufacturer 1 in Part C11 Old=Manufacturer New=Manufacturer 1
Change Value of Parameter Manufacturer Part Number 1 in Part C11 Old=Manufacturer Part Number New=Manufacturer Part Number 1
Change Value of Parameter Manufacturer 1 in Part C12 Old=Manufacturer New=Manufacturer 1
Change Value of Parameter Manufacturer Part Number 1 in Part C12 Old=Manufacturer Part Number New=Manufacturer Part Number 1
Change Value of Parameter Manufacturer 1 in Part D9 Old=Manufacturer New=Manufacturer 1
Change Value of Parameter Manufacturer Part Number 1 in Part D9 Old=Manufacturer Part Number New=Manufacturer Part Number 1
Change Value of Parameter Manufacturer 1 in Part D10 Old=Manufacturer New=Manufacturer 1
Change Value of Parameter Manufacturer Part Number 1 in Part D10 Old=Manufacturer Part Number New=Manufacturer Part Number 1
Change Value of Parameter Manufacturer 1 in Part D11 Old=Manufacturer New=Manufacturer 1
Change Value of Parameter Manufacturer Part Number 1 in Part D11 Old=Manufacturer Part Number New=Manufacturer Part Number 1
Change Value of Parameter Manufacturer 1 in Part D12 Old=Manufacturer New=Manufacturer 1
Change Value of Parameter Manufacturer Part Number 1 in Part D12 Old=Manufacturer Part Number New=Manufacturer Part Number 1
Change Value of Parameter Manufacturer 1 in Part R14 Old=Manufacturer New=Manufacturer 1
Change Value of Parameter Manufacturer Part Number 1 in Part R14 Old=Manufacturer Part Number New=Manufacturer Part Number 1
Change Value of Parameter Manufacturer 1 in Part R15 Old=Manufacturer New=Manufacturer 1
Change Value of Parameter Manufacturer Part Number 1 in Part R15 Old=Manufacturer Part Number New=Manufacturer Part Number 1
Change Value of Parameter Manufacturer 1 in Part R16 Old=Manufacturer New=Manufacturer 1
Change Value of Parameter Manufacturer Part Number 1 in Part R16 Old=Manufacturer Part Number New=Manufacturer Part Number 1
Change Value of Parameter Manufacturer 1 in Part R17 Old=Manufacturer New=Manufacturer 1
Change Value of Parameter Manufacturer Part Number 1 in Part R17 Old=Manufacturer Part Number New=Manufacturer Part Number 1
