Removed Parameter Arrow Part Number:T520A107M006ATE035 from Part C1
Removed Parameter Arrow Part Number:T520A107M006ATE035 from Part C2
Removed Parameter Arrow Price/Stock:https://www.arrow.com/en/products/t520a107m006ate035/kemet-corporation from Part C1
Removed Parameter Arrow Price/Stock:https://www.arrow.com/en/products/t520a107m006ate035/kemet-corporation from Part C2
Removed Parameter Copyright:Copyright (C) 2022 Ultra Librarian. All rights reserved. from Part D2
Removed Parameter Copyright:Copyright (C) 2022 Ultra Librarian. All rights reserved. from Part D13
Removed Parameter Datasheet Link:https://search.kemet.com/component-edge/download/specsheet/T520A107M006ATE035.pdf from Part C1
Removed Parameter Datasheet Link:https://search.kemet.com/component-edge/download/specsheet/T520A107M006ATE035.pdf from Part C2
Removed Parameter Height:1.8mm from Part C1
Removed Parameter Height:1.8mm from Part C2
Removed Parameter Manufacturer_Name:Kemet from Part C1
Removed Parameter Manufacturer_Name:Kemet from Part C2
Removed Parameter Manufacturer_Part_Number:SD12C.TCT from Part D2
Removed Parameter Manufacturer_Part_Number:SD12C.TCT from Part D13
Removed Parameter Manufacturer_Part_Number:T520A107M006ATE035 from Part C1
Removed Parameter Manufacturer_Part_Number:T520A107M006ATE035 from Part C2
Removed Parameter MFG Name:Kemet from Part C1
Removed Parameter MFG Name:Kemet from Part C2
Removed Parameter MFG Name:Murata from Part C3
Removed Parameter MFG Name:Murata from Part C4
Removed Parameter MFG Name:Murata from Part C5
Removed Parameter MFG Name:Murata from Part C6
Removed Parameter MFG Name:Murata from Part C7
Removed Parameter MFG Name:Murata from Part C8
Removed Parameter MFG Part Number:GRM1555C1H6R0CA01D from Part C3
Removed Parameter MFG Part Number:GRM1555C1H6R0CA01D from Part C4
Removed Parameter MFG Part Number:GRM1555C1H6R0CA01D from Part C5
Removed Parameter MFG Part Number:GRM1555C1H6R0CA01D from Part C6
Removed Parameter MFG Part Number:GRM1555C1H6R0CA01D from Part C7
Removed Parameter MFG Part Number:GRM1555C1H6R0CA01D from Part C8
Removed Parameter MFG Part Number:T520A107M006ATE035 from Part C1
Removed Parameter MFG Part Number:T520A107M006ATE035 from Part C2
Removed Parameter Mfr_Name:Semtech from Part D2
Removed Parameter Mfr_Name:Semtech from Part D13
Removed Parameter Mouser Part Number:80-T520A107M006AT from Part C1
Removed Parameter Mouser Part Number:80-T520A107M006AT from Part C2
Removed Parameter Mouser Price/Stock:https://www.mouser.co.uk/ProductDetail/KEMET/T520A107M006ATE035?qs=QvRObDHRS18agZVs%252BDin8A%3D%3D from Part C1
Removed Parameter Mouser Price/Stock:https://www.mouser.co.uk/ProductDetail/KEMET/T520A107M006ATE035?qs=QvRObDHRS18agZVs%252BDin8A%3D%3D from Part C2
Removed Parameter Part Number:GRM1555C1H6R0CA01D from Part C3
Removed Parameter Part Number:GRM1555C1H6R0CA01D from Part C4
Removed Parameter Part Number:GRM1555C1H6R0CA01D from Part C5
Removed Parameter Part Number:GRM1555C1H6R0CA01D from Part C6
Removed Parameter Part Number:GRM1555C1H6R0CA01D from Part C7
Removed Parameter Part Number:GRM1555C1H6R0CA01D from Part C8
Removed Parameter RefDes:RefDes from Part D2
Removed Parameter RefDes:RefDes from Part D13
Removed Parameter Type:DEV from Part D2
Removed Parameter Type:DEV from Part D13
Removed Parameter Value:5.6pF 50V from Part C3
Removed Parameter Value:5.6pF 50V from Part C6
Removed Parameter Value:33pF 50V from Part C4
Removed Parameter Value:33pF 50V from Part C7
Removed Parameter Value:100nF 50V from Part C5
Removed Parameter Value:100nF 50V from Part C8
Removed Parameter Value:100uF 6.3V Tant from Part C1
Removed Parameter Value:100uF 6.3V Tant from Part C2
Change Value of Parameter Manufacturer 1 in Part C3 Old=Manufacturer New=Manufacturer 1
Change Value of Parameter Manufacturer Part Number 1 in Part C3 Old=Manufacturer Part Number New=Manufacturer Part Number 1
Change Value of Parameter Manufacturer 1 in Part C4 Old=Manufacturer New=Manufacturer 1
Change Value of Parameter Manufacturer Part Number 1 in Part C4 Old=Manufacturer Part Number New=Manufacturer Part Number 1
Change Value of Parameter Manufacturer 1 in Part C5 Old=Manufacturer New=Manufacturer 1
Change Value of Parameter Manufacturer Part Number 1 in Part C5 Old=Manufacturer Part Number New=Manufacturer Part Number 1
Change Value of Parameter Manufacturer 1 in Part C6 Old=Manufacturer New=Manufacturer 1
Change Value of Parameter Manufacturer Part Number 1 in Part C6 Old=Manufacturer Part Number New=Manufacturer Part Number 1
Change Value of Parameter Manufacturer 1 in Part C7 Old=Manufacturer New=Manufacturer 1
Change Value of Parameter Manufacturer Part Number 1 in Part C7 Old=Manufacturer Part Number New=Manufacturer Part Number 1
Change Value of Parameter Manufacturer 1 in Part C8 Old=Manufacturer New=Manufacturer 1
Change Value of Parameter Manufacturer Part Number 1 in Part C8 Old=Manufacturer Part Number New=Manufacturer Part Number 1
