Added Parameter Lumen Part Number=LPN0001 to Part R?
Added Parameter Lumen Part Number=LPN0002 to Part R?
Added Parameter Lumen Part Number=LPN0003 to Part R?
Added Parameter Lumen Part Number=LPN0004 to Part R?
Added Parameter Lumen Part Number=LPN0005 to Part U?
Added Parameter Lumen Part Number=LPN0006 to Part IC?
Added Parameter Lumen Part Number=LPN0007 to Part Q?
Added Parameter Lumen Part Number=LPN0008 to Part C?
Added Parameter Lumen Part Number=LPN0009 to Part C?
Added Parameter Lumen Part Number=LPN00010 to Part P?
Added Parameter Lumen Part Number=LPN00011 to Part J?
Added Parameter Lumen Part Number=LPN00012 to Part D?
Added Parameter Lumen Part Number=LPN00013 to Part D?
Added Parameter Lumen Part Number=LPN00014 to Part C?
Added Parameter Lumen Part Number=LPN00015 to Part LED?
Added Parameter Lumen Part Number=LPN00016 to Part D?
Added Parameter Lumen Part Number=LPN00017 to Part D?
Added Parameter Lumen Part Number=LPN00018 to Part C?
Added Parameter Lumen Part Number=LPN00019 to Part J?
Added Parameter Lumen Part Number=LPN00020 to Part *?
Added Parameter Lumen Part Number=LPN00021 to Part ANT?
